

2024-01-11 08:14:18,373 - INFO - isPole = True
2024-01-11 08:14:20,915 - INFO - isPole = True

2024-01-11 08:15:31,857 - INFO - isPole = True
2024-01-11 08:15:33,802 - INFO - isPole = True
2024-01-11 08:15:34,863 - INFO - isPole = True
2024-01-11 08:15:36,168 - INFO - isPole = True
2024-01-11 08:15:36,866 - INFO - isPole = True

2024-01-11 08:16:16,894 - INFO - isPole = True
2024-01-11 08:16:18,099 - INFO - isPole = True
2024-01-11 08:16:24,129 - INFO - isPole = True

2024-01-11 08:20:57,174 - INFO - isPole = True
2024-01-11 08:21:01,248 - INFO - isPole = True

2024-01-11 08:37:21,583 - INFO - isPole = True

2024-01-11 08:37:52,177 - INFO - isPole = True
2024-01-11 08:37:55,430 - INFO - isPole = True

2024-01-11 08:39:56,953 - INFO - isPole = True

2024-01-11 08:42:55,060 - INFO - isPole = True
2024-01-11 08:42:58,040 - INFO - isPole = True

2024-01-11 08:43:42,590 - INFO - isPole = True
2024-01-11 08:43:42,663 - INFO - isPole = True
2024-01-11 08:43:44,653 - INFO - isPole = True

2024-01-11 08:45:46,900 - INFO - isPole = True

2024-01-11 08:46:48,756 - INFO - isPole = True

2024-01-11 08:48:22,136 - INFO - isPole = True
2024-01-11 08:48:23,972 - DEBUG - positions_List = [Point(0.400000, 0.484848), PyQt5.QtCore.QPointF(0.47272727272727266, 0.4606060606060607)]
2024-01-11 08:48:23,982 - DEBUG - positions_List = [Point(0.375758, 0.484848), PyQt5.QtCore.QPointF(0.47272727272727266, 0.4606060606060607)]
2024-01-11 08:48:23,997 - DEBUG - positions_List = [Point(0.339394, 0.484848), PyQt5.QtCore.QPointF(0.47272727272727266, 0.4606060606060607)]
2024-01-11 08:48:24,008 - DEBUG - positions_List = [Point(0.315152, 0.484848), PyQt5.QtCore.QPointF(0.47272727272727266, 0.4606060606060607)]
2024-01-11 08:48:24,033 - DEBUG - positions_List = [Point(0.278788, 0.496970), PyQt5.QtCore.QPointF(0.47272727272727266, 0.4606060606060607)]
2024-01-11 08:48:24,051 - DEBUG - positions_List = [Point(0.254545, 0.496970), PyQt5.QtCore.QPointF(0.47272727272727266, 0.4606060606060607)]
2024-01-11 08:48:24,127 - DEBUG - positions_List = [Point(0.230303, 0.496970), PyQt5.QtCore.QPointF(0.47272727272727266, 0.4606060606060607)]
2024-01-11 08:48:24,143 - DEBUG - positions_List = [Point(0.218182, 0.496970), PyQt5.QtCore.QPointF(0.47272727272727266, 0.4606060606060607)]
2024-01-11 08:48:24,158 - DEBUG - positions_List = [Point(0.206061, 0.496970), PyQt5.QtCore.QPointF(0.47272727272727266, 0.4606060606060607)]
2024-01-11 08:48:24,183 - DEBUG - positions_List = [Point(0.181818, 0.496970), PyQt5.QtCore.QPointF(0.47272727272727266, 0.4606060606060607)]
2024-01-11 08:48:26,507 - DEBUG - positions_List = [Point(0.145455, 0.448485), PyQt5.QtCore.QPointF(0.47272727272727266, 0.4606060606060607)]
2024-01-11 08:48:26,520 - DEBUG - positions_List = [Point(0.121212, 0.436364), PyQt5.QtCore.QPointF(0.47272727272727266, 0.4606060606060607)]
2024-01-11 08:48:26,530 - DEBUG - positions_List = [Point(0.109091, 0.400000), PyQt5.QtCore.QPointF(0.47272727272727266, 0.4606060606060607)]
2024-01-11 08:48:26,542 - DEBUG - positions_List = [Point(0.109091, 0.363636), PyQt5.QtCore.QPointF(0.47272727272727266, 0.4606060606060607)]
2024-01-11 08:48:26,555 - DEBUG - positions_List = [Point(0.084848, 0.327273), PyQt5.QtCore.QPointF(0.47272727272727266, 0.4606060606060607)]
2024-01-11 08:48:26,566 - DEBUG - positions_List = [Point(0.060606, 0.315152), PyQt5.QtCore.QPointF(0.47272727272727266, 0.4606060606060607)]
2024-01-11 08:48:26,576 - DEBUG - positions_List = [Point(0.036364, 0.278788), PyQt5.QtCore.QPointF(0.47272727272727266, 0.4606060606060607)]
2024-01-11 08:48:26,586 - DEBUG - positions_List = [Point(0.024242, 0.254545), PyQt5.QtCore.QPointF(0.47272727272727266, 0.4606060606060607)]
2024-01-11 08:48:26,597 - DEBUG - positions_List = [Point(0.000000, 0.230303), PyQt5.QtCore.QPointF(0.47272727272727266, 0.4606060606060607)]
2024-01-11 08:48:26,608 - DEBUG - positions_List = [Point(-0.012121, 0.206061), PyQt5.QtCore.QPointF(0.47272727272727266, 0.4606060606060607)]
2024-01-11 08:48:26,618 - DEBUG - positions_List = [Point(-0.024242, 0.193939), PyQt5.QtCore.QPointF(0.47272727272727266, 0.4606060606060607)]
2024-01-11 08:48:26,630 - DEBUG - positions_List = [Point(-0.036364, 0.145455), PyQt5.QtCore.QPointF(0.47272727272727266, 0.4606060606060607)]
2024-01-11 08:48:26,640 - DEBUG - positions_List = [Point(-0.060606, 0.121212), PyQt5.QtCore.QPointF(0.47272727272727266, 0.4606060606060607)]
2024-01-11 08:48:26,651 - DEBUG - positions_List = [Point(-0.084848, 0.096970), PyQt5.QtCore.QPointF(0.47272727272727266, 0.4606060606060607)]
2024-01-11 08:48:26,666 - DEBUG - positions_List = [Point(-0.096970, 0.072727), PyQt5.QtCore.QPointF(0.47272727272727266, 0.4606060606060607)]
2024-01-11 08:48:26,676 - DEBUG - positions_List = [Point(-0.109091, 0.048485), PyQt5.QtCore.QPointF(0.47272727272727266, 0.4606060606060607)]
2024-01-11 08:48:26,688 - DEBUG - positions_List = [Point(-0.133333, 0.024242), PyQt5.QtCore.QPointF(0.47272727272727266, 0.4606060606060607)]
2024-01-11 08:48:26,700 - DEBUG - positions_List = [Point(-0.133333, 0.000000), PyQt5.QtCore.QPointF(0.47272727272727266, 0.4606060606060607)]
2024-01-11 08:48:26,711 - DEBUG - positions_List = [Point(-0.133333, -0.012121), PyQt5.QtCore.QPointF(0.47272727272727266, 0.4606060606060607)]
2024-01-11 08:48:26,721 - DEBUG - positions_List = [Point(-0.145455, -0.024242), PyQt5.QtCore.QPointF(0.47272727272727266, 0.4606060606060607)]
2024-01-11 08:48:26,749 - DEBUG - positions_List = [Point(-0.145455, -0.048485), PyQt5.QtCore.QPointF(0.47272727272727266, 0.4606060606060607)]
2024-01-11 08:48:26,773 - DEBUG - positions_List = [Point(-0.157576, -0.060606), PyQt5.QtCore.QPointF(0.47272727272727266, 0.4606060606060607)]
2024-01-11 08:48:26,875 - DEBUG - positions_List = [Point(-0.169697, -0.072727), PyQt5.QtCore.QPointF(0.47272727272727266, 0.4606060606060607)]
2024-01-11 08:48:29,958 - DEBUG - positions_List = [Point(-0.181818, -0.133333), PyQt5.QtCore.QPointF(0.47272727272727266, 0.4606060606060607)]
2024-01-11 08:48:29,976 - DEBUG - positions_List = [Point(-0.193939, -0.133333), PyQt5.QtCore.QPointF(0.47272727272727266, 0.4606060606060607)]
2024-01-11 08:48:29,993 - DEBUG - positions_List = [Point(-0.206061, -0.145455), PyQt5.QtCore.QPointF(0.47272727272727266, 0.4606060606060607)]
2024-01-11 08:48:30,018 - DEBUG - positions_List = [Point(-0.206061, -0.157576), PyQt5.QtCore.QPointF(0.47272727272727266, 0.4606060606060607)]
2024-01-11 08:48:30,035 - DEBUG - positions_List = [Point(-0.218182, -0.169697), PyQt5.QtCore.QPointF(0.47272727272727266, 0.4606060606060607)]
2024-01-11 08:48:30,055 - DEBUG - positions_List = [Point(-0.230303, -0.169697), PyQt5.QtCore.QPointF(0.47272727272727266, 0.4606060606060607)]
2024-01-11 08:48:30,078 - DEBUG - positions_List = [Point(-0.230303, -0.181818), PyQt5.QtCore.QPointF(0.47272727272727266, 0.4606060606060607)]
2024-01-11 08:48:30,087 - DEBUG - positions_List = [Point(-0.242424, -0.193939), PyQt5.QtCore.QPointF(0.47272727272727266, 0.4606060606060607)]
2024-01-11 08:48:30,103 - DEBUG - positions_List = [Point(-0.266667, -0.193939), PyQt5.QtCore.QPointF(0.47272727272727266, 0.4606060606060607)]
2024-01-11 08:48:30,113 - DEBUG - positions_List = [Point(-0.278788, -0.218182), PyQt5.QtCore.QPointF(0.47272727272727266, 0.4606060606060607)]
2024-01-11 08:48:30,132 - DEBUG - positions_List = [Point(-0.290909, -0.230303), PyQt5.QtCore.QPointF(0.47272727272727266, 0.4606060606060607)]
2024-01-11 08:48:30,143 - DEBUG - positions_List = [Point(-0.303030, -0.242424), PyQt5.QtCore.QPointF(0.47272727272727266, 0.4606060606060607)]
2024-01-11 08:48:30,255 - DEBUG - positions_List = [Point(-0.315152, -0.242424), PyQt5.QtCore.QPointF(0.47272727272727266, 0.4606060606060607)]

2024-01-11 08:48:59,304 - INFO - isPole = True

2024-01-11 08:49:34,805 - INFO - isPole = True
2024-01-11 08:49:37,582 - DEBUG - positions_List = [Point(0.303030, 0.400000)]
2024-01-11 08:49:37,592 - DEBUG - positions_List = [Point(0.303030, 0.363636)]
2024-01-11 08:49:37,604 - DEBUG - positions_List = [Point(0.303030, 0.327273)]
2024-01-11 08:49:37,614 - DEBUG - positions_List = [Point(0.278788, 0.278788)]
2024-01-11 08:49:37,626 - DEBUG - positions_List = [Point(0.242424, 0.242424)]
2024-01-11 08:49:37,637 - DEBUG - positions_List = [Point(0.193939, 0.169697)]
2024-01-11 08:49:37,647 - DEBUG - positions_List = [Point(0.169697, 0.121212)]
2024-01-11 08:49:37,657 - DEBUG - positions_List = [Point(0.109091, 0.084848)]
2024-01-11 08:49:37,668 - DEBUG - positions_List = [Point(0.060606, 0.012121)]
2024-01-11 08:49:37,678 - DEBUG - positions_List = [Point(0.024242, -0.024242)]
2024-01-11 08:49:37,690 - DEBUG - positions_List = [Point(-0.048485, -0.084848)]
2024-01-11 08:49:37,701 - DEBUG - positions_List = [Point(-0.084848, -0.133333)]
2024-01-11 08:49:37,711 - DEBUG - positions_List = [Point(-0.121212, -0.169697)]
2024-01-11 08:49:37,722 - DEBUG - positions_List = [Point(-0.169697, -0.193939)]
2024-01-11 08:49:37,732 - DEBUG - positions_List = [Point(-0.193939, -0.230303)]
2024-01-11 08:49:37,744 - DEBUG - positions_List = [Point(-0.242424, -0.266667)]
2024-01-11 08:49:37,755 - DEBUG - positions_List = [Point(-0.278788, -0.278788)]
2024-01-11 08:49:37,766 - DEBUG - positions_List = [Point(-0.303030, -0.315152)]
2024-01-11 08:49:37,776 - DEBUG - positions_List = [Point(-0.339394, -0.339394)]
2024-01-11 08:49:37,790 - DEBUG - positions_List = [Point(-0.363636, -0.363636)]
2024-01-11 08:49:37,803 - DEBUG - positions_List = [Point(-0.400000, -0.375758)]

2024-01-11 08:49:50,264 - INFO - isPole = True
2024-01-11 08:49:59,939 - DEBUG - positions_List = [Point(0.545455, 0.448485), PyQt5.QtCore.QPointF(-0.5575757575757576, 0.33939393939393947), PyQt5.QtCore.QPointF(-0.48484848484848486, -0.48484848484848486), PyQt5.QtCore.QPointF(0.33939393939393936, -0.46060606060606046)]
2024-01-11 08:49:59,949 - DEBUG - positions_List = [Point(0.533333, 0.436364), PyQt5.QtCore.QPointF(-0.5575757575757576, 0.33939393939393947), PyQt5.QtCore.QPointF(-0.48484848484848486, -0.48484848484848486), PyQt5.QtCore.QPointF(0.33939393939393936, -0.46060606060606046)]
2024-01-11 08:49:59,959 - DEBUG - positions_List = [Point(0.521212, 0.424242), PyQt5.QtCore.QPointF(-0.5575757575757576, 0.33939393939393947), PyQt5.QtCore.QPointF(-0.48484848484848486, -0.48484848484848486), PyQt5.QtCore.QPointF(0.33939393939393936, -0.46060606060606046)]
2024-01-11 08:49:59,975 - DEBUG - positions_List = [Point(0.484848, 0.400000), PyQt5.QtCore.QPointF(-0.5575757575757576, 0.33939393939393947), PyQt5.QtCore.QPointF(-0.48484848484848486, -0.48484848484848486), PyQt5.QtCore.QPointF(0.33939393939393936, -0.46060606060606046)]
2024-01-11 08:49:59,984 - DEBUG - positions_List = [Point(0.460606, 0.387879), PyQt5.QtCore.QPointF(-0.5575757575757576, 0.33939393939393947), PyQt5.QtCore.QPointF(-0.48484848484848486, -0.48484848484848486), PyQt5.QtCore.QPointF(0.33939393939393936, -0.46060606060606046)]
2024-01-11 08:49:59,995 - DEBUG - positions_List = [Point(0.436364, 0.363636), PyQt5.QtCore.QPointF(-0.5575757575757576, 0.33939393939393947), PyQt5.QtCore.QPointF(-0.48484848484848486, -0.48484848484848486), PyQt5.QtCore.QPointF(0.33939393939393936, -0.46060606060606046)]
2024-01-11 08:50:00,007 - DEBUG - positions_List = [Point(0.412121, 0.351515), PyQt5.QtCore.QPointF(-0.5575757575757576, 0.33939393939393947), PyQt5.QtCore.QPointF(-0.48484848484848486, -0.48484848484848486), PyQt5.QtCore.QPointF(0.33939393939393936, -0.46060606060606046)]
2024-01-11 08:50:00,016 - DEBUG - positions_List = [Point(0.387879, 0.327273), PyQt5.QtCore.QPointF(-0.5575757575757576, 0.33939393939393947), PyQt5.QtCore.QPointF(-0.48484848484848486, -0.48484848484848486), PyQt5.QtCore.QPointF(0.33939393939393936, -0.46060606060606046)]
2024-01-11 08:50:00,026 - DEBUG - positions_List = [Point(0.375758, 0.315152), PyQt5.QtCore.QPointF(-0.5575757575757576, 0.33939393939393947), PyQt5.QtCore.QPointF(-0.48484848484848486, -0.48484848484848486), PyQt5.QtCore.QPointF(0.33939393939393936, -0.46060606060606046)]
2024-01-11 08:50:00,038 - DEBUG - positions_List = [Point(0.351515, 0.278788), PyQt5.QtCore.QPointF(-0.5575757575757576, 0.33939393939393947), PyQt5.QtCore.QPointF(-0.48484848484848486, -0.48484848484848486), PyQt5.QtCore.QPointF(0.33939393939393936, -0.46060606060606046)]
2024-01-11 08:50:00,051 - DEBUG - positions_List = [Point(0.303030, 0.242424), PyQt5.QtCore.QPointF(-0.5575757575757576, 0.33939393939393947), PyQt5.QtCore.QPointF(-0.48484848484848486, -0.48484848484848486), PyQt5.QtCore.QPointF(0.33939393939393936, -0.46060606060606046)]
2024-01-11 08:50:00,062 - DEBUG - positions_List = [Point(0.278788, 0.206061), PyQt5.QtCore.QPointF(-0.5575757575757576, 0.33939393939393947), PyQt5.QtCore.QPointF(-0.48484848484848486, -0.48484848484848486), PyQt5.QtCore.QPointF(0.33939393939393936, -0.46060606060606046)]
2024-01-11 08:50:00,072 - DEBUG - positions_List = [Point(0.242424, 0.181818), PyQt5.QtCore.QPointF(-0.5575757575757576, 0.33939393939393947), PyQt5.QtCore.QPointF(-0.48484848484848486, -0.48484848484848486), PyQt5.QtCore.QPointF(0.33939393939393936, -0.46060606060606046)]
2024-01-11 08:50:00,082 - DEBUG - positions_List = [Point(0.193939, 0.145455), PyQt5.QtCore.QPointF(-0.5575757575757576, 0.33939393939393947), PyQt5.QtCore.QPointF(-0.48484848484848486, -0.48484848484848486), PyQt5.QtCore.QPointF(0.33939393939393936, -0.46060606060606046)]
2024-01-11 08:50:00,093 - DEBUG - positions_List = [Point(0.157576, 0.109091), PyQt5.QtCore.QPointF(-0.5575757575757576, 0.33939393939393947), PyQt5.QtCore.QPointF(-0.48484848484848486, -0.48484848484848486), PyQt5.QtCore.QPointF(0.33939393939393936, -0.46060606060606046)]
2024-01-11 08:50:00,104 - DEBUG - positions_List = [Point(0.133333, 0.072727), PyQt5.QtCore.QPointF(-0.5575757575757576, 0.33939393939393947), PyQt5.QtCore.QPointF(-0.48484848484848486, -0.48484848484848486), PyQt5.QtCore.QPointF(0.33939393939393936, -0.46060606060606046)]
2024-01-11 08:50:00,115 - DEBUG - positions_List = [Point(0.096970, 0.060606), PyQt5.QtCore.QPointF(-0.5575757575757576, 0.33939393939393947), PyQt5.QtCore.QPointF(-0.48484848484848486, -0.48484848484848486), PyQt5.QtCore.QPointF(0.33939393939393936, -0.46060606060606046)]
2024-01-11 08:50:00,128 - DEBUG - positions_List = [Point(0.060606, 0.024242), PyQt5.QtCore.QPointF(-0.5575757575757576, 0.33939393939393947), PyQt5.QtCore.QPointF(-0.48484848484848486, -0.48484848484848486), PyQt5.QtCore.QPointF(0.33939393939393936, -0.46060606060606046)]
2024-01-11 08:50:00,138 - DEBUG - positions_List = [Point(0.024242, 0.000000), PyQt5.QtCore.QPointF(-0.5575757575757576, 0.33939393939393947), PyQt5.QtCore.QPointF(-0.48484848484848486, -0.48484848484848486), PyQt5.QtCore.QPointF(0.33939393939393936, -0.46060606060606046)]
2024-01-11 08:50:00,154 - DEBUG - positions_List = [Point(0.000000, -0.036364), PyQt5.QtCore.QPointF(-0.5575757575757576, 0.33939393939393947), PyQt5.QtCore.QPointF(-0.48484848484848486, -0.48484848484848486), PyQt5.QtCore.QPointF(0.33939393939393936, -0.46060606060606046)]
2024-01-11 08:50:00,165 - DEBUG - positions_List = [Point(-0.048485, -0.048485), PyQt5.QtCore.QPointF(-0.5575757575757576, 0.33939393939393947), PyQt5.QtCore.QPointF(-0.48484848484848486, -0.48484848484848486), PyQt5.QtCore.QPointF(0.33939393939393936, -0.46060606060606046)]
2024-01-11 08:50:00,175 - DEBUG - positions_List = [Point(-0.072727, -0.072727), PyQt5.QtCore.QPointF(-0.5575757575757576, 0.33939393939393947), PyQt5.QtCore.QPointF(-0.48484848484848486, -0.48484848484848486), PyQt5.QtCore.QPointF(0.33939393939393936, -0.46060606060606046)]
2024-01-11 08:50:00,189 - DEBUG - positions_List = [Point(-0.096970, -0.096970), PyQt5.QtCore.QPointF(-0.5575757575757576, 0.33939393939393947), PyQt5.QtCore.QPointF(-0.48484848484848486, -0.48484848484848486), PyQt5.QtCore.QPointF(0.33939393939393936, -0.46060606060606046)]
2024-01-11 08:50:00,204 - DEBUG - positions_List = [Point(-0.109091, -0.121212), PyQt5.QtCore.QPointF(-0.5575757575757576, 0.33939393939393947), PyQt5.QtCore.QPointF(-0.48484848484848486, -0.48484848484848486), PyQt5.QtCore.QPointF(0.33939393939393936, -0.46060606060606046)]
2024-01-11 08:50:00,216 - DEBUG - positions_List = [Point(-0.145455, -0.133333), PyQt5.QtCore.QPointF(-0.5575757575757576, 0.33939393939393947), PyQt5.QtCore.QPointF(-0.48484848484848486, -0.48484848484848486), PyQt5.QtCore.QPointF(0.33939393939393936, -0.46060606060606046)]
2024-01-11 08:50:00,229 - DEBUG - positions_List = [Point(-0.181818, -0.145455), PyQt5.QtCore.QPointF(-0.5575757575757576, 0.33939393939393947), PyQt5.QtCore.QPointF(-0.48484848484848486, -0.48484848484848486), PyQt5.QtCore.QPointF(0.33939393939393936, -0.46060606060606046)]
2024-01-11 08:50:00,241 - DEBUG - positions_List = [Point(-0.218182, -0.169697), PyQt5.QtCore.QPointF(-0.5575757575757576, 0.33939393939393947), PyQt5.QtCore.QPointF(-0.48484848484848486, -0.48484848484848486), PyQt5.QtCore.QPointF(0.33939393939393936, -0.46060606060606046)]
2024-01-11 08:50:00,254 - DEBUG - positions_List = [Point(-0.242424, -0.181818), PyQt5.QtCore.QPointF(-0.5575757575757576, 0.33939393939393947), PyQt5.QtCore.QPointF(-0.48484848484848486, -0.48484848484848486), PyQt5.QtCore.QPointF(0.33939393939393936, -0.46060606060606046)]
2024-01-11 08:50:00,264 - DEBUG - positions_List = [Point(-0.266667, -0.193939), PyQt5.QtCore.QPointF(-0.5575757575757576, 0.33939393939393947), PyQt5.QtCore.QPointF(-0.48484848484848486, -0.48484848484848486), PyQt5.QtCore.QPointF(0.33939393939393936, -0.46060606060606046)]
2024-01-11 08:50:00,276 - DEBUG - positions_List = [Point(-0.290909, -0.218182), PyQt5.QtCore.QPointF(-0.5575757575757576, 0.33939393939393947), PyQt5.QtCore.QPointF(-0.48484848484848486, -0.48484848484848486), PyQt5.QtCore.QPointF(0.33939393939393936, -0.46060606060606046)]
2024-01-11 08:50:00,285 - DEBUG - positions_List = [Point(-0.315152, -0.230303), PyQt5.QtCore.QPointF(-0.5575757575757576, 0.33939393939393947), PyQt5.QtCore.QPointF(-0.48484848484848486, -0.48484848484848486), PyQt5.QtCore.QPointF(0.33939393939393936, -0.46060606060606046)]
2024-01-11 08:50:00,434 - DEBUG - positions_List = [Point(-0.339394, -0.230303), PyQt5.QtCore.QPointF(-0.5575757575757576, 0.33939393939393947), PyQt5.QtCore.QPointF(-0.48484848484848486, -0.48484848484848486), PyQt5.QtCore.QPointF(0.33939393939393936, -0.46060606060606046)]
2024-01-11 08:50:02,690 - DEBUG - positions_List = [Point(-0.339394, -0.230303), Point(-0.460606, 0.339394), PyQt5.QtCore.QPointF(-0.48484848484848486, -0.48484848484848486), PyQt5.QtCore.QPointF(0.33939393939393936, -0.46060606060606046)]
2024-01-11 08:50:02,702 - DEBUG - positions_List = [Point(-0.339394, -0.230303), Point(-0.400000, 0.315152), PyQt5.QtCore.QPointF(-0.48484848484848486, -0.48484848484848486), PyQt5.QtCore.QPointF(0.33939393939393936, -0.46060606060606046)]
2024-01-11 08:50:02,713 - DEBUG - positions_List = [Point(-0.339394, -0.230303), Point(-0.363636, 0.315152), PyQt5.QtCore.QPointF(-0.48484848484848486, -0.48484848484848486), PyQt5.QtCore.QPointF(0.33939393939393936, -0.46060606060606046)]
2024-01-11 08:50:02,724 - DEBUG - positions_List = [Point(-0.339394, -0.230303), Point(-0.315152, 0.303030), PyQt5.QtCore.QPointF(-0.48484848484848486, -0.48484848484848486), PyQt5.QtCore.QPointF(0.33939393939393936, -0.46060606060606046)]
2024-01-11 08:50:02,734 - DEBUG - positions_List = [Point(-0.339394, -0.230303), Point(-0.278788, 0.290909), PyQt5.QtCore.QPointF(-0.48484848484848486, -0.48484848484848486), PyQt5.QtCore.QPointF(0.33939393939393936, -0.46060606060606046)]
2024-01-11 08:50:02,743 - DEBUG - positions_List = [Point(-0.339394, -0.230303), Point(-0.230303, 0.290909), PyQt5.QtCore.QPointF(-0.48484848484848486, -0.48484848484848486), PyQt5.QtCore.QPointF(0.33939393939393936, -0.46060606060606046)]
2024-01-11 08:50:02,754 - DEBUG - positions_List = [Point(-0.339394, -0.230303), Point(-0.169697, 0.290909), PyQt5.QtCore.QPointF(-0.48484848484848486, -0.48484848484848486), PyQt5.QtCore.QPointF(0.33939393939393936, -0.46060606060606046)]
2024-01-11 08:50:02,766 - DEBUG - positions_List = [Point(-0.339394, -0.230303), Point(-0.121212, 0.290909), PyQt5.QtCore.QPointF(-0.48484848484848486, -0.48484848484848486), PyQt5.QtCore.QPointF(0.33939393939393936, -0.46060606060606046)]
2024-01-11 08:50:02,776 - DEBUG - positions_List = [Point(-0.339394, -0.230303), Point(-0.072727, 0.290909), PyQt5.QtCore.QPointF(-0.48484848484848486, -0.48484848484848486), PyQt5.QtCore.QPointF(0.33939393939393936, -0.46060606060606046)]
2024-01-11 08:50:02,789 - DEBUG - positions_List = [Point(-0.339394, -0.230303), Point(-0.024242, 0.290909), PyQt5.QtCore.QPointF(-0.48484848484848486, -0.48484848484848486), PyQt5.QtCore.QPointF(0.33939393939393936, -0.46060606060606046)]
2024-01-11 08:50:02,800 - DEBUG - positions_List = [Point(-0.339394, -0.230303), Point(0.024242, 0.290909), PyQt5.QtCore.QPointF(-0.48484848484848486, -0.48484848484848486), PyQt5.QtCore.QPointF(0.33939393939393936, -0.46060606060606046)]
2024-01-11 08:50:02,811 - DEBUG - positions_List = [Point(-0.339394, -0.230303), Point(0.072727, 0.290909), PyQt5.QtCore.QPointF(-0.48484848484848486, -0.48484848484848486), PyQt5.QtCore.QPointF(0.33939393939393936, -0.46060606060606046)]
2024-01-11 08:50:02,822 - DEBUG - positions_List = [Point(-0.339394, -0.230303), Point(0.109091, 0.290909), PyQt5.QtCore.QPointF(-0.48484848484848486, -0.48484848484848486), PyQt5.QtCore.QPointF(0.33939393939393936, -0.46060606060606046)]
2024-01-11 08:50:02,833 - DEBUG - positions_List = [Point(-0.339394, -0.230303), Point(0.157576, 0.290909), PyQt5.QtCore.QPointF(-0.48484848484848486, -0.48484848484848486), PyQt5.QtCore.QPointF(0.33939393939393936, -0.46060606060606046)]
2024-01-11 08:50:02,845 - DEBUG - positions_List = [Point(-0.339394, -0.230303), Point(0.218182, 0.290909), PyQt5.QtCore.QPointF(-0.48484848484848486, -0.48484848484848486), PyQt5.QtCore.QPointF(0.33939393939393936, -0.46060606060606046)]
2024-01-11 08:50:02,854 - DEBUG - positions_List = [Point(-0.339394, -0.230303), Point(0.266667, 0.290909), PyQt5.QtCore.QPointF(-0.48484848484848486, -0.48484848484848486), PyQt5.QtCore.QPointF(0.33939393939393936, -0.46060606060606046)]
2024-01-11 08:50:02,866 - DEBUG - positions_List = [Point(-0.339394, -0.230303), Point(0.327273, 0.290909), PyQt5.QtCore.QPointF(-0.48484848484848486, -0.48484848484848486), PyQt5.QtCore.QPointF(0.33939393939393936, -0.46060606060606046)]
2024-01-11 08:50:02,877 - DEBUG - positions_List = [Point(-0.339394, -0.230303), Point(0.363636, 0.303030), PyQt5.QtCore.QPointF(-0.48484848484848486, -0.48484848484848486), PyQt5.QtCore.QPointF(0.33939393939393936, -0.46060606060606046)]
2024-01-11 08:50:02,888 - DEBUG - positions_List = [Point(-0.339394, -0.230303), Point(0.412121, 0.315152), PyQt5.QtCore.QPointF(-0.48484848484848486, -0.48484848484848486), PyQt5.QtCore.QPointF(0.33939393939393936, -0.46060606060606046)]
2024-01-11 08:50:02,898 - DEBUG - positions_List = [Point(-0.339394, -0.230303), Point(0.436364, 0.315152), PyQt5.QtCore.QPointF(-0.48484848484848486, -0.48484848484848486), PyQt5.QtCore.QPointF(0.33939393939393936, -0.46060606060606046)]
2024-01-11 08:50:02,909 - DEBUG - positions_List = [Point(-0.339394, -0.230303), Point(0.448485, 0.315152), PyQt5.QtCore.QPointF(-0.48484848484848486, -0.48484848484848486), PyQt5.QtCore.QPointF(0.33939393939393936, -0.46060606060606046)]
2024-01-11 08:50:08,916 - DEBUG - positions_List = [Point(-0.339394, -0.230303), Point(0.448485, 0.315152), Point(-0.484848, -0.400000), PyQt5.QtCore.QPointF(0.33939393939393936, -0.46060606060606046)]
2024-01-11 08:50:08,928 - DEBUG - positions_List = [Point(-0.339394, -0.230303), Point(0.448485, 0.315152), Point(-0.484848, -0.351515), PyQt5.QtCore.QPointF(0.33939393939393936, -0.46060606060606046)]
2024-01-11 08:50:08,940 - DEBUG - positions_List = [Point(-0.339394, -0.230303), Point(0.448485, 0.315152), Point(-0.484848, -0.303030), PyQt5.QtCore.QPointF(0.33939393939393936, -0.46060606060606046)]
2024-01-11 08:50:08,952 - DEBUG - positions_List = [Point(-0.339394, -0.230303), Point(0.448485, 0.315152), Point(-0.484848, -0.266667), PyQt5.QtCore.QPointF(0.33939393939393936, -0.46060606060606046)]
2024-01-11 08:50:08,962 - DEBUG - positions_List = [Point(-0.339394, -0.230303), Point(0.448485, 0.315152), Point(-0.484848, -0.218182), PyQt5.QtCore.QPointF(0.33939393939393936, -0.46060606060606046)]
2024-01-11 08:50:08,973 - DEBUG - positions_List = [Point(-0.339394, -0.230303), Point(0.448485, 0.315152), Point(-0.484848, -0.169697), PyQt5.QtCore.QPointF(0.33939393939393936, -0.46060606060606046)]
2024-01-11 08:50:08,984 - DEBUG - positions_List = [Point(-0.339394, -0.230303), Point(0.448485, 0.315152), Point(-0.484848, -0.133333), PyQt5.QtCore.QPointF(0.33939393939393936, -0.46060606060606046)]
2024-01-11 08:50:08,994 - DEBUG - positions_List = [Point(-0.339394, -0.230303), Point(0.448485, 0.315152), Point(-0.484848, -0.096970), PyQt5.QtCore.QPointF(0.33939393939393936, -0.46060606060606046)]
2024-01-11 08:50:09,006 - DEBUG - positions_List = [Point(-0.339394, -0.230303), Point(0.448485, 0.315152), Point(-0.484848, -0.048485), PyQt5.QtCore.QPointF(0.33939393939393936, -0.46060606060606046)]
2024-01-11 08:50:09,019 - DEBUG - positions_List = [Point(-0.339394, -0.230303), Point(0.448485, 0.315152), Point(-0.484848, -0.012121), PyQt5.QtCore.QPointF(0.33939393939393936, -0.46060606060606046)]
2024-01-11 08:50:09,030 - DEBUG - positions_List = [Point(-0.339394, -0.230303), Point(0.448485, 0.315152), Point(-0.484848, 0.036364), PyQt5.QtCore.QPointF(0.33939393939393936, -0.46060606060606046)]
2024-01-11 08:50:09,044 - DEBUG - positions_List = [Point(-0.339394, -0.230303), Point(0.448485, 0.315152), Point(-0.484848, 0.084848), PyQt5.QtCore.QPointF(0.33939393939393936, -0.46060606060606046)]
2024-01-11 08:50:09,056 - DEBUG - positions_List = [Point(-0.339394, -0.230303), Point(0.448485, 0.315152), Point(-0.484848, 0.133333), PyQt5.QtCore.QPointF(0.33939393939393936, -0.46060606060606046)]
2024-01-11 08:50:09,069 - DEBUG - positions_List = [Point(-0.339394, -0.230303), Point(0.448485, 0.315152), Point(-0.484848, 0.181818), PyQt5.QtCore.QPointF(0.33939393939393936, -0.46060606060606046)]
2024-01-11 08:50:09,078 - DEBUG - positions_List = [Point(-0.339394, -0.230303), Point(0.448485, 0.315152), Point(-0.484848, 0.218182), PyQt5.QtCore.QPointF(0.33939393939393936, -0.46060606060606046)]
2024-01-11 08:50:09,089 - DEBUG - positions_List = [Point(-0.339394, -0.230303), Point(0.448485, 0.315152), Point(-0.484848, 0.266667), PyQt5.QtCore.QPointF(0.33939393939393936, -0.46060606060606046)]
2024-01-11 08:50:09,100 - DEBUG - positions_List = [Point(-0.339394, -0.230303), Point(0.448485, 0.315152), Point(-0.484848, 0.315152), PyQt5.QtCore.QPointF(0.33939393939393936, -0.46060606060606046)]
2024-01-11 08:50:09,111 - DEBUG - positions_List = [Point(-0.339394, -0.230303), Point(0.448485, 0.315152), Point(-0.484848, 0.351515), PyQt5.QtCore.QPointF(0.33939393939393936, -0.46060606060606046)]
2024-01-11 08:50:09,121 - DEBUG - positions_List = [Point(-0.339394, -0.230303), Point(0.448485, 0.315152), Point(-0.484848, 0.387879), PyQt5.QtCore.QPointF(0.33939393939393936, -0.46060606060606046)]
2024-01-11 08:50:09,136 - DEBUG - positions_List = [Point(-0.339394, -0.230303), Point(0.448485, 0.315152), Point(-0.484848, 0.424242), PyQt5.QtCore.QPointF(0.33939393939393936, -0.46060606060606046)]
2024-01-11 08:50:09,148 - DEBUG - positions_List = [Point(-0.339394, -0.230303), Point(0.448485, 0.315152), Point(-0.484848, 0.448485), PyQt5.QtCore.QPointF(0.33939393939393936, -0.46060606060606046)]
2024-01-11 08:50:09,168 - DEBUG - positions_List = [Point(-0.339394, -0.230303), Point(0.448485, 0.315152), Point(-0.484848, 0.460606), PyQt5.QtCore.QPointF(0.33939393939393936, -0.46060606060606046)]
2024-01-11 08:50:09,179 - DEBUG - positions_List = [Point(-0.339394, -0.230303), Point(0.448485, 0.315152), Point(-0.484848, 0.472727), PyQt5.QtCore.QPointF(0.33939393939393936, -0.46060606060606046)]
2024-01-11 08:50:12,290 - DEBUG - positions_List = [Point(-0.339394, -0.230303), Point(0.448485, 0.315152), Point(-0.484848, 0.472727), Point(0.278788, -0.448485)]
2024-01-11 08:50:12,307 - DEBUG - positions_List = [Point(-0.339394, -0.230303), Point(0.448485, 0.315152), Point(-0.484848, 0.472727), Point(0.254545, -0.448485)]
2024-01-11 08:50:12,321 - DEBUG - positions_List = [Point(-0.339394, -0.230303), Point(0.448485, 0.315152), Point(-0.484848, 0.472727), Point(0.242424, -0.448485)]
2024-01-11 08:50:12,343 - DEBUG - positions_List = [Point(-0.339394, -0.230303), Point(0.448485, 0.315152), Point(-0.484848, 0.472727), Point(0.230303, -0.448485)]
2024-01-11 08:50:12,360 - DEBUG - positions_List = [Point(-0.339394, -0.230303), Point(0.448485, 0.315152), Point(-0.484848, 0.472727), Point(0.218182, -0.436364)]
2024-01-11 08:50:12,374 - DEBUG - positions_List = [Point(-0.339394, -0.230303), Point(0.448485, 0.315152), Point(-0.484848, 0.472727), Point(0.181818, -0.436364)]
2024-01-11 08:50:12,384 - DEBUG - positions_List = [Point(-0.339394, -0.230303), Point(0.448485, 0.315152), Point(-0.484848, 0.472727), Point(0.157576, -0.424242)]
2024-01-11 08:50:12,394 - DEBUG - positions_List = [Point(-0.339394, -0.230303), Point(0.448485, 0.315152), Point(-0.484848, 0.472727), Point(0.121212, -0.424242)]
2024-01-11 08:50:12,406 - DEBUG - positions_List = [Point(-0.339394, -0.230303), Point(0.448485, 0.315152), Point(-0.484848, 0.472727), Point(0.072727, -0.412121)]
2024-01-11 08:50:12,416 - DEBUG - positions_List = [Point(-0.339394, -0.230303), Point(0.448485, 0.315152), Point(-0.484848, 0.472727), Point(0.012121, -0.400000)]
2024-01-11 08:50:12,428 - DEBUG - positions_List = [Point(-0.339394, -0.230303), Point(0.448485, 0.315152), Point(-0.484848, 0.472727), Point(-0.036364, -0.387879)]
2024-01-11 08:50:12,441 - DEBUG - positions_List = [Point(-0.339394, -0.230303), Point(0.448485, 0.315152), Point(-0.484848, 0.472727), Point(-0.084848, -0.387879)]
2024-01-11 08:50:12,453 - DEBUG - positions_List = [Point(-0.339394, -0.230303), Point(0.448485, 0.315152), Point(-0.484848, 0.472727), Point(-0.133333, -0.387879)]
2024-01-11 08:50:12,463 - DEBUG - positions_List = [Point(-0.339394, -0.230303), Point(0.448485, 0.315152), Point(-0.484848, 0.472727), Point(-0.145455, -0.387879)]
2024-01-11 08:50:12,494 - DEBUG - positions_List = [Point(-0.339394, -0.230303), Point(0.448485, 0.315152), Point(-0.484848, 0.472727), Point(-0.169697, -0.387879)]
2024-01-11 08:50:12,708 - DEBUG - positions_List = [Point(-0.339394, -0.230303), Point(0.448485, 0.315152), Point(-0.484848, 0.472727), Point(-0.181818, -0.387879)]
2024-01-11 08:50:12,722 - DEBUG - positions_List = [Point(-0.339394, -0.230303), Point(0.448485, 0.315152), Point(-0.484848, 0.472727), Point(-0.193939, -0.387879)]
2024-01-11 08:50:12,734 - DEBUG - positions_List = [Point(-0.339394, -0.230303), Point(0.448485, 0.315152), Point(-0.484848, 0.472727), Point(-0.206061, -0.387879)]
2024-01-11 08:50:12,747 - DEBUG - positions_List = [Point(-0.339394, -0.230303), Point(0.448485, 0.315152), Point(-0.484848, 0.472727), Point(-0.218182, -0.400000)]
2024-01-11 08:50:12,765 - DEBUG - positions_List = [Point(-0.339394, -0.230303), Point(0.448485, 0.315152), Point(-0.484848, 0.472727), Point(-0.254545, -0.400000)]
2024-01-11 08:50:12,838 - DEBUG - positions_List = [Point(-0.339394, -0.230303), Point(0.448485, 0.315152), Point(-0.484848, 0.472727), Point(-0.254545, -0.412121)]


2024-01-11 08:59:25,367 - INFO - isPole = True
2024-01-11 08:59:27,569 - INFO - isPole = True

2024-01-11 09:00:05,817 - INFO - isPole = True
2024-01-11 09:00:07,000 - INFO - isPole = True

2024-01-11 09:00:41,648 - INFO - isPole = True
2024-01-11 09:00:43,698 - INFO - isPole = True
2024-01-11 09:00:46,764 - INFO - isPole = True
2024-01-11 09:00:48,243 - INFO - isPole = True

2024-01-11 09:09:27,570 - INFO - isPole = True
2024-01-11 09:09:28,166 - INFO - polesPos: [PyQt5.QtCore.QPointF(0.606060606060606, 0.35151515151515156)]
2024-01-11 09:09:28,166 - INFO - zerosPos: []
2024-01-11 09:09:28,166 - INFO - polesConjPos: []
2024-01-11 09:09:28,166 - INFO - zerosConjPos: []
2024-01-11 09:09:28,953 - INFO - isPole = True
2024-01-11 09:09:29,535 - INFO - polesPos: [PyQt5.QtCore.QPointF(0.606060606060606, 0.35151515151515156)]
2024-01-11 09:09:29,535 - INFO - zerosPos: [PyQt5.QtCore.QPointF(-0.4606060606060607, 0.08484848484848495)]
2024-01-11 09:09:29,535 - INFO - polesConjPos: []
2024-01-11 09:09:29,535 - INFO - zerosConjPos: []
2024-01-11 09:09:30,681 - DEBUG - positions_List = [Point(0.557576, 0.387879)]
2024-01-11 09:09:30,692 - DEBUG - positions_List = [Point(0.521212, 0.400000)]
2024-01-11 09:09:30,703 - DEBUG - positions_List = [Point(0.484848, 0.424242)]
2024-01-11 09:09:30,715 - DEBUG - positions_List = [Point(0.436364, 0.448485)]
2024-01-11 09:09:30,727 - DEBUG - positions_List = [Point(0.400000, 0.460606)]
2024-01-11 09:09:30,738 - DEBUG - positions_List = [Point(0.363636, 0.472727)]
2024-01-11 09:09:30,749 - DEBUG - positions_List = [Point(0.339394, 0.484848)]
2024-01-11 09:09:30,764 - DEBUG - positions_List = [Point(0.327273, 0.496970)]
2024-01-11 09:09:30,775 - DEBUG - positions_List = [Point(0.315152, 0.509091)]
2024-01-11 09:09:30,791 - DEBUG - positions_List = [Point(0.303030, 0.509091)]
2024-01-11 09:09:30,806 - DEBUG - positions_List = [Point(0.278788, 0.533333)]
2024-01-11 09:09:30,826 - DEBUG - positions_List = [Point(0.254545, 0.533333)]
2024-01-11 09:09:30,838 - DEBUG - positions_List = [Point(0.242424, 0.545455)]
2024-01-11 09:09:30,854 - DEBUG - positions_List = [Point(0.206061, 0.557576)]
2024-01-11 09:09:30,864 - DEBUG - positions_List = [Point(0.193939, 0.569697)]
2024-01-11 09:09:30,876 - DEBUG - positions_List = [Point(0.169697, 0.581818)]
2024-01-11 09:09:30,886 - DEBUG - positions_List = [Point(0.145455, 0.581818)]
2024-01-11 09:09:30,897 - DEBUG - positions_List = [Point(0.133333, 0.593939)]
2024-01-11 09:09:30,945 - DEBUG - positions_List = [Point(0.109091, 0.593939)]
2024-01-11 09:09:31,796 - DEBUG - positions_List = [Point(-0.400000, 0.072727)]
2024-01-11 09:09:31,806 - DEBUG - positions_List = [Point(-0.387879, 0.072727)]
2024-01-11 09:09:31,821 - DEBUG - positions_List = [Point(-0.363636, 0.060606)]
2024-01-11 09:09:31,840 - DEBUG - positions_List = [Point(-0.339394, 0.048485)]
2024-01-11 09:09:31,850 - DEBUG - positions_List = [Point(-0.315152, 0.036364)]
2024-01-11 09:09:31,863 - DEBUG - positions_List = [Point(-0.278788, 0.036364)]
2024-01-11 09:09:31,874 - DEBUG - positions_List = [Point(-0.254545, 0.036364)]
2024-01-11 09:09:31,884 - DEBUG - positions_List = [Point(-0.230303, 0.012121)]
2024-01-11 09:09:31,896 - DEBUG - positions_List = [Point(-0.206061, 0.012121)]
2024-01-11 09:09:31,909 - DEBUG - positions_List = [Point(-0.169697, -0.012121)]
2024-01-11 09:09:31,921 - DEBUG - positions_List = [Point(-0.145455, -0.012121)]
2024-01-11 09:09:31,930 - DEBUG - positions_List = [Point(-0.133333, -0.036364)]
2024-01-11 09:09:31,952 - DEBUG - positions_List = [Point(-0.096970, -0.036364)]
2024-01-11 09:09:31,962 - DEBUG - positions_List = [Point(-0.072727, -0.048485)]
2024-01-11 09:09:31,976 - DEBUG - positions_List = [Point(-0.048485, -0.060606)]
2024-01-11 09:09:31,992 - DEBUG - positions_List = [Point(-0.012121, -0.072727)]
2024-01-11 09:09:32,009 - DEBUG - positions_List = [Point(0.012121, -0.096970)]
2024-01-11 09:09:32,024 - DEBUG - positions_List = [Point(0.048485, -0.096970)]
2024-01-11 09:09:32,034 - DEBUG - positions_List = [Point(0.072727, -0.096970)]
2024-01-11 09:09:32,050 - DEBUG - positions_List = [Point(0.084848, -0.096970)]
2024-01-11 09:09:32,069 - DEBUG - positions_List = [Point(0.109091, -0.109091)]
2024-01-11 09:09:32,082 - DEBUG - positions_List = [Point(0.121212, -0.109091)]

2024-01-11 09:17:02,732 - INFO - isPole = True
2024-01-11 09:17:05,413 - DEBUG - poles_positions = [Point(0.072727, 0.509091)]
2024-01-11 09:17:05,413 - DEBUG - zeros_positions = []
2024-01-11 09:17:05,433 - DEBUG - poles_positions = [Point(0.096970, 0.496970)]
2024-01-11 09:17:05,433 - DEBUG - zeros_positions = []
2024-01-11 09:17:05,446 - DEBUG - poles_positions = [Point(0.121212, 0.496970)]
2024-01-11 09:17:05,446 - DEBUG - zeros_positions = []
2024-01-11 09:17:05,459 - DEBUG - poles_positions = [Point(0.145455, 0.496970)]
2024-01-11 09:17:05,459 - DEBUG - zeros_positions = []
2024-01-11 09:17:05,473 - DEBUG - poles_positions = [Point(0.169697, 0.484848)]
2024-01-11 09:17:05,473 - DEBUG - zeros_positions = []
2024-01-11 09:17:05,488 - DEBUG - poles_positions = [Point(0.193939, 0.472727)]
2024-01-11 09:17:05,488 - DEBUG - zeros_positions = []
2024-01-11 09:17:05,501 - DEBUG - poles_positions = [Point(0.206061, 0.472727)]
2024-01-11 09:17:05,501 - DEBUG - zeros_positions = []
2024-01-11 09:17:05,513 - DEBUG - poles_positions = [Point(0.218182, 0.460606)]
2024-01-11 09:17:05,513 - DEBUG - zeros_positions = []
2024-01-11 09:17:05,530 - DEBUG - poles_positions = [Point(0.230303, 0.460606)]
2024-01-11 09:17:05,530 - DEBUG - zeros_positions = []
2024-01-11 09:17:05,541 - DEBUG - poles_positions = [Point(0.242424, 0.460606)]
2024-01-11 09:17:05,541 - DEBUG - zeros_positions = []
2024-01-11 09:17:05,576 - DEBUG - poles_positions = [Point(0.254545, 0.460606)]
2024-01-11 09:17:05,576 - DEBUG - zeros_positions = []
2024-01-11 09:17:05,587 - DEBUG - poles_positions = [Point(0.266667, 0.448485)]
2024-01-11 09:17:05,587 - DEBUG - zeros_positions = []
2024-01-11 09:17:05,603 - DEBUG - poles_positions = [Point(0.290909, 0.448485)]
2024-01-11 09:17:05,603 - DEBUG - zeros_positions = []
2024-01-11 09:17:05,620 - DEBUG - poles_positions = [Point(0.315152, 0.436364)]
2024-01-11 09:17:05,620 - DEBUG - zeros_positions = []
2024-01-11 09:17:05,649 - DEBUG - poles_positions = [Point(0.339394, 0.436364)]
2024-01-11 09:17:05,649 - DEBUG - zeros_positions = []
2024-01-11 09:17:06,194 - DEBUG - poles_positions = [Point(0.339394, 0.363636)]
2024-01-11 09:17:06,195 - DEBUG - zeros_positions = []
2024-01-11 09:17:06,206 - DEBUG - poles_positions = [Point(0.339394, 0.351515)]
2024-01-11 09:17:06,206 - DEBUG - zeros_positions = []
2024-01-11 09:17:06,217 - DEBUG - poles_positions = [Point(0.327273, 0.315152)]
2024-01-11 09:17:06,218 - DEBUG - zeros_positions = []
2024-01-11 09:17:06,229 - DEBUG - poles_positions = [Point(0.290909, 0.278788)]
2024-01-11 09:17:06,229 - DEBUG - zeros_positions = []
2024-01-11 09:17:06,238 - DEBUG - poles_positions = [Point(0.266667, 0.254545)]
2024-01-11 09:17:06,239 - DEBUG - zeros_positions = []
2024-01-11 09:17:06,250 - DEBUG - poles_positions = [Point(0.230303, 0.218182)]
2024-01-11 09:17:06,250 - DEBUG - zeros_positions = []
2024-01-11 09:17:06,260 - DEBUG - poles_positions = [Point(0.206061, 0.169697)]
2024-01-11 09:17:06,260 - DEBUG - zeros_positions = []
2024-01-11 09:17:06,270 - DEBUG - poles_positions = [Point(0.157576, 0.121212)]
2024-01-11 09:17:06,271 - DEBUG - zeros_positions = []
2024-01-11 09:17:06,282 - DEBUG - poles_positions = [Point(0.109091, 0.084848)]
2024-01-11 09:17:06,283 - DEBUG - zeros_positions = []
2024-01-11 09:17:06,293 - DEBUG - poles_positions = [Point(0.072727, 0.036364)]
2024-01-11 09:17:06,293 - DEBUG - zeros_positions = []
2024-01-11 09:17:06,302 - DEBUG - poles_positions = [Point(0.036364, 0.000000)]
2024-01-11 09:17:06,302 - DEBUG - zeros_positions = []
2024-01-11 09:17:06,313 - DEBUG - poles_positions = [Point(-0.012121, -0.036364)]
2024-01-11 09:17:06,313 - DEBUG - zeros_positions = []
2024-01-11 09:17:06,323 - DEBUG - poles_positions = [Point(-0.060606, -0.072727)]
2024-01-11 09:17:06,324 - DEBUG - zeros_positions = []
2024-01-11 09:17:06,334 - DEBUG - poles_positions = [Point(-0.121212, -0.121212)]
2024-01-11 09:17:06,334 - DEBUG - zeros_positions = []
2024-01-11 09:17:06,345 - DEBUG - poles_positions = [Point(-0.169697, -0.169697)]
2024-01-11 09:17:06,345 - DEBUG - zeros_positions = []
2024-01-11 09:17:06,355 - DEBUG - poles_positions = [Point(-0.230303, -0.206061)]
2024-01-11 09:17:06,355 - DEBUG - zeros_positions = []
2024-01-11 09:17:06,365 - DEBUG - poles_positions = [Point(-0.290909, -0.242424)]
2024-01-11 09:17:06,365 - DEBUG - zeros_positions = []
2024-01-11 09:17:06,375 - DEBUG - poles_positions = [Point(-0.339394, -0.278788)]
2024-01-11 09:17:06,375 - DEBUG - zeros_positions = []
2024-01-11 09:17:06,385 - DEBUG - poles_positions = [Point(-0.387879, -0.315152)]
2024-01-11 09:17:06,385 - DEBUG - zeros_positions = []
2024-01-11 09:17:06,396 - DEBUG - poles_positions = [Point(-0.448485, -0.351515)]
2024-01-11 09:17:06,396 - DEBUG - zeros_positions = []
2024-01-11 09:17:06,406 - DEBUG - poles_positions = [Point(-0.509091, -0.363636)]
2024-01-11 09:17:06,406 - DEBUG - zeros_positions = []
2024-01-11 09:17:06,418 - DEBUG - poles_positions = [Point(-0.545455, -0.387879)]
2024-01-11 09:17:06,418 - DEBUG - zeros_positions = []
2024-01-11 09:17:06,431 - DEBUG - poles_positions = [Point(-0.593939, -0.412121)]
2024-01-11 09:17:06,431 - DEBUG - zeros_positions = []
2024-01-11 09:17:06,441 - DEBUG - poles_positions = [Point(-0.630303, -0.436364)]
2024-01-11 09:17:06,441 - DEBUG - zeros_positions = []
2024-01-11 09:17:06,451 - DEBUG - poles_positions = [Point(-0.654545, -0.448485)]
2024-01-11 09:17:06,451 - DEBUG - zeros_positions = []
2024-01-11 09:17:06,461 - DEBUG - poles_positions = [Point(-0.690909, -0.472727)]
2024-01-11 09:17:06,461 - DEBUG - zeros_positions = []
2024-01-11 09:17:06,474 - DEBUG - poles_positions = [Point(-0.727273, -0.496970)]
2024-01-11 09:17:06,474 - DEBUG - zeros_positions = []
2024-01-11 09:17:06,484 - DEBUG - poles_positions = [Point(-0.751515, -0.496970)]
2024-01-11 09:17:06,484 - DEBUG - zeros_positions = []
2024-01-11 09:17:06,500 - DEBUG - poles_positions = [Point(-0.763636, -0.509091)]
2024-01-11 09:17:06,500 - DEBUG - zeros_positions = []
2024-01-11 09:17:09,959 - INFO - isPole = True
2024-01-11 09:17:11,197 - DEBUG - poles_positions = [Point(-0.763636, -0.509091), PyQt5.QtCore.QPointF(0.47272727272727266, 0.38787878787878793)]
2024-01-11 09:17:11,197 - DEBUG - zeros_positions = [Point(0.533333, -0.242424)]
2024-01-11 09:17:11,208 - DEBUG - poles_positions = [Point(-0.763636, -0.509091), PyQt5.QtCore.QPointF(0.47272727272727266, 0.38787878787878793)]
2024-01-11 09:17:11,208 - DEBUG - zeros_positions = [Point(0.460606, -0.206061)]
2024-01-11 09:17:11,218 - DEBUG - poles_positions = [Point(-0.763636, -0.509091), PyQt5.QtCore.QPointF(0.47272727272727266, 0.38787878787878793)]
2024-01-11 09:17:11,218 - DEBUG - zeros_positions = [Point(0.387879, -0.145455)]
2024-01-11 09:17:11,228 - DEBUG - poles_positions = [Point(-0.763636, -0.509091), PyQt5.QtCore.QPointF(0.47272727272727266, 0.38787878787878793)]
2024-01-11 09:17:11,228 - DEBUG - zeros_positions = [Point(0.315152, -0.084848)]
2024-01-11 09:17:11,238 - DEBUG - poles_positions = [Point(-0.763636, -0.509091), PyQt5.QtCore.QPointF(0.47272727272727266, 0.38787878787878793)]
2024-01-11 09:17:11,238 - DEBUG - zeros_positions = [Point(0.242424, -0.036364)]
2024-01-11 09:17:11,248 - DEBUG - poles_positions = [Point(-0.763636, -0.509091), PyQt5.QtCore.QPointF(0.47272727272727266, 0.38787878787878793)]
2024-01-11 09:17:11,248 - DEBUG - zeros_positions = [Point(0.181818, 0.012121)]
2024-01-11 09:17:11,259 - DEBUG - poles_positions = [Point(-0.763636, -0.509091), PyQt5.QtCore.QPointF(0.47272727272727266, 0.38787878787878793)]
2024-01-11 09:17:11,259 - DEBUG - zeros_positions = [Point(0.109091, 0.048485)]
2024-01-11 09:17:11,270 - DEBUG - poles_positions = [Point(-0.763636, -0.509091), PyQt5.QtCore.QPointF(0.47272727272727266, 0.38787878787878793)]
2024-01-11 09:17:11,270 - DEBUG - zeros_positions = [Point(0.060606, 0.096970)]
2024-01-11 09:17:11,280 - DEBUG - poles_positions = [Point(-0.763636, -0.509091), PyQt5.QtCore.QPointF(0.47272727272727266, 0.38787878787878793)]
2024-01-11 09:17:11,280 - DEBUG - zeros_positions = [Point(0.000000, 0.133333)]
2024-01-11 09:17:11,290 - DEBUG - poles_positions = [Point(-0.763636, -0.509091), PyQt5.QtCore.QPointF(0.47272727272727266, 0.38787878787878793)]
2024-01-11 09:17:11,290 - DEBUG - zeros_positions = [Point(-0.036364, 0.157576)]
2024-01-11 09:17:11,300 - DEBUG - poles_positions = [Point(-0.763636, -0.509091), PyQt5.QtCore.QPointF(0.47272727272727266, 0.38787878787878793)]
2024-01-11 09:17:11,300 - DEBUG - zeros_positions = [Point(-0.060606, 0.181818)]
2024-01-11 09:17:11,312 - DEBUG - poles_positions = [Point(-0.763636, -0.509091), PyQt5.QtCore.QPointF(0.47272727272727266, 0.38787878787878793)]
2024-01-11 09:17:11,312 - DEBUG - zeros_positions = [Point(-0.096970, 0.206061)]
2024-01-11 09:17:11,322 - DEBUG - poles_positions = [Point(-0.763636, -0.509091), PyQt5.QtCore.QPointF(0.47272727272727266, 0.38787878787878793)]
2024-01-11 09:17:11,322 - DEBUG - zeros_positions = [Point(-0.121212, 0.230303)]
2024-01-11 09:17:11,333 - DEBUG - poles_positions = [Point(-0.763636, -0.509091), PyQt5.QtCore.QPointF(0.47272727272727266, 0.38787878787878793)]
2024-01-11 09:17:11,333 - DEBUG - zeros_positions = [Point(-0.157576, 0.254545)]
2024-01-11 09:17:11,343 - DEBUG - poles_positions = [Point(-0.763636, -0.509091), PyQt5.QtCore.QPointF(0.47272727272727266, 0.38787878787878793)]
2024-01-11 09:17:11,343 - DEBUG - zeros_positions = [Point(-0.169697, 0.278788)]
2024-01-11 09:17:11,354 - DEBUG - poles_positions = [Point(-0.763636, -0.509091), PyQt5.QtCore.QPointF(0.47272727272727266, 0.38787878787878793)]
2024-01-11 09:17:11,354 - DEBUG - zeros_positions = [Point(-0.206061, 0.290909)]
2024-01-11 09:17:11,364 - DEBUG - poles_positions = [Point(-0.763636, -0.509091), PyQt5.QtCore.QPointF(0.47272727272727266, 0.38787878787878793)]
2024-01-11 09:17:11,364 - DEBUG - zeros_positions = [Point(-0.242424, 0.327273)]
2024-01-11 09:17:11,375 - DEBUG - poles_positions = [Point(-0.763636, -0.509091), PyQt5.QtCore.QPointF(0.47272727272727266, 0.38787878787878793)]
2024-01-11 09:17:11,375 - DEBUG - zeros_positions = [Point(-0.278788, 0.363636)]
2024-01-11 09:17:11,386 - DEBUG - poles_positions = [Point(-0.763636, -0.509091), PyQt5.QtCore.QPointF(0.47272727272727266, 0.38787878787878793)]
2024-01-11 09:17:11,386 - DEBUG - zeros_positions = [Point(-0.339394, 0.387879)]
2024-01-11 09:17:11,398 - DEBUG - poles_positions = [Point(-0.763636, -0.509091), PyQt5.QtCore.QPointF(0.47272727272727266, 0.38787878787878793)]
2024-01-11 09:17:11,398 - DEBUG - zeros_positions = [Point(-0.400000, 0.424242)]
2024-01-11 09:17:11,411 - DEBUG - poles_positions = [Point(-0.763636, -0.509091), PyQt5.QtCore.QPointF(0.47272727272727266, 0.38787878787878793)]
2024-01-11 09:17:11,411 - DEBUG - zeros_positions = [Point(-0.436364, 0.448485)]
2024-01-11 09:17:11,421 - DEBUG - poles_positions = [Point(-0.763636, -0.509091), PyQt5.QtCore.QPointF(0.47272727272727266, 0.38787878787878793)]
2024-01-11 09:17:11,421 - DEBUG - zeros_positions = [Point(-0.460606, 0.472727)]
2024-01-11 09:17:11,431 - DEBUG - poles_positions = [Point(-0.763636, -0.509091), PyQt5.QtCore.QPointF(0.47272727272727266, 0.38787878787878793)]
2024-01-11 09:17:11,431 - DEBUG - zeros_positions = [Point(-0.472727, 0.472727)]

2024-01-11 09:17:16,278 - INFO - isPole = True
2024-01-11 09:17:17,437 - INFO - isPole = True
2024-01-11 09:17:19,307 - DEBUG - poles_positions = [Point(0.315152, 0.460606)]
2024-01-11 09:17:19,307 - DEBUG - zeros_positions = [PyQt5.QtCore.QPointF(0.5575757575757576, 0.2666666666666667)]
2024-01-11 09:17:19,317 - DEBUG - poles_positions = [Point(0.290909, 0.436364)]
2024-01-11 09:17:19,317 - DEBUG - zeros_positions = [PyQt5.QtCore.QPointF(0.5575757575757576, 0.2666666666666667)]
2024-01-11 09:17:19,327 - DEBUG - poles_positions = [Point(0.266667, 0.400000)]
2024-01-11 09:17:19,327 - DEBUG - zeros_positions = [PyQt5.QtCore.QPointF(0.5575757575757576, 0.2666666666666667)]
2024-01-11 09:17:19,339 - DEBUG - poles_positions = [Point(0.230303, 0.363636)]
2024-01-11 09:17:19,339 - DEBUG - zeros_positions = [PyQt5.QtCore.QPointF(0.5575757575757576, 0.2666666666666667)]
2024-01-11 09:17:19,349 - DEBUG - poles_positions = [Point(0.181818, 0.315152)]
2024-01-11 09:17:19,349 - DEBUG - zeros_positions = [PyQt5.QtCore.QPointF(0.5575757575757576, 0.2666666666666667)]
2024-01-11 09:17:19,359 - DEBUG - poles_positions = [Point(0.133333, 0.266667)]
2024-01-11 09:17:19,359 - DEBUG - zeros_positions = [PyQt5.QtCore.QPointF(0.5575757575757576, 0.2666666666666667)]
2024-01-11 09:17:19,369 - DEBUG - poles_positions = [Point(0.084848, 0.230303)]
2024-01-11 09:17:19,369 - DEBUG - zeros_positions = [PyQt5.QtCore.QPointF(0.5575757575757576, 0.2666666666666667)]
2024-01-11 09:17:19,380 - DEBUG - poles_positions = [Point(0.012121, 0.181818)]
2024-01-11 09:17:19,380 - DEBUG - zeros_positions = [PyQt5.QtCore.QPointF(0.5575757575757576, 0.2666666666666667)]
2024-01-11 09:17:19,390 - DEBUG - poles_positions = [Point(-0.072727, 0.145455)]
2024-01-11 09:17:19,390 - DEBUG - zeros_positions = [PyQt5.QtCore.QPointF(0.5575757575757576, 0.2666666666666667)]
2024-01-11 09:17:19,400 - DEBUG - poles_positions = [Point(-0.133333, 0.121212)]
2024-01-11 09:17:19,400 - DEBUG - zeros_positions = [PyQt5.QtCore.QPointF(0.5575757575757576, 0.2666666666666667)]
2024-01-11 09:17:19,410 - DEBUG - poles_positions = [Point(-0.206061, 0.084848)]
2024-01-11 09:17:19,410 - DEBUG - zeros_positions = [PyQt5.QtCore.QPointF(0.5575757575757576, 0.2666666666666667)]
2024-01-11 09:17:19,420 - DEBUG - poles_positions = [Point(-0.266667, 0.048485)]
2024-01-11 09:17:19,420 - DEBUG - zeros_positions = [PyQt5.QtCore.QPointF(0.5575757575757576, 0.2666666666666667)]
2024-01-11 09:17:19,431 - DEBUG - poles_positions = [Point(-0.339394, 0.024242)]
2024-01-11 09:17:19,431 - DEBUG - zeros_positions = [PyQt5.QtCore.QPointF(0.5575757575757576, 0.2666666666666667)]
2024-01-11 09:17:19,442 - DEBUG - poles_positions = [Point(-0.387879, 0.000000)]
2024-01-11 09:17:19,442 - DEBUG - zeros_positions = [PyQt5.QtCore.QPointF(0.5575757575757576, 0.2666666666666667)]
2024-01-11 09:17:19,454 - DEBUG - poles_positions = [Point(-0.448485, -0.024242)]
2024-01-11 09:17:19,454 - DEBUG - zeros_positions = [PyQt5.QtCore.QPointF(0.5575757575757576, 0.2666666666666667)]
2024-01-11 09:17:19,466 - DEBUG - poles_positions = [Point(-0.484848, -0.036364)]
2024-01-11 09:17:19,466 - DEBUG - zeros_positions = [PyQt5.QtCore.QPointF(0.5575757575757576, 0.2666666666666667)]
2024-01-11 09:17:19,476 - DEBUG - poles_positions = [Point(-0.521212, -0.060606)]
2024-01-11 09:17:19,476 - DEBUG - zeros_positions = [PyQt5.QtCore.QPointF(0.5575757575757576, 0.2666666666666667)]
2024-01-11 09:17:19,487 - DEBUG - poles_positions = [Point(-0.545455, -0.072727)]
2024-01-11 09:17:19,487 - DEBUG - zeros_positions = [PyQt5.QtCore.QPointF(0.5575757575757576, 0.2666666666666667)]
2024-01-11 09:17:19,502 - DEBUG - poles_positions = [Point(-0.569697, -0.084848)]
2024-01-11 09:17:19,502 - DEBUG - zeros_positions = [PyQt5.QtCore.QPointF(0.5575757575757576, 0.2666666666666667)]
2024-01-11 09:17:19,518 - DEBUG - poles_positions = [Point(-0.581818, -0.084848)]
2024-01-11 09:17:19,518 - DEBUG - zeros_positions = [PyQt5.QtCore.QPointF(0.5575757575757576, 0.2666666666666667)]
2024-01-11 09:17:19,626 - DEBUG - poles_positions = [Point(-0.581818, -0.096970)]
2024-01-11 09:17:19,626 - DEBUG - zeros_positions = [PyQt5.QtCore.QPointF(0.5575757575757576, 0.2666666666666667)]
2024-01-11 09:17:20,413 - DEBUG - poles_positions = [Point(-0.581818, -0.096970)]
2024-01-11 09:17:20,413 - DEBUG - zeros_positions = [Point(0.509091, 0.230303)]
2024-01-11 09:17:20,424 - DEBUG - poles_positions = [Point(-0.581818, -0.096970)]
2024-01-11 09:17:20,424 - DEBUG - zeros_positions = [Point(0.484848, 0.206061)]
2024-01-11 09:17:20,437 - DEBUG - poles_positions = [Point(-0.581818, -0.096970)]
2024-01-11 09:17:20,437 - DEBUG - zeros_positions = [Point(0.448485, 0.157576)]
2024-01-11 09:17:20,447 - DEBUG - poles_positions = [Point(-0.581818, -0.096970)]
2024-01-11 09:17:20,447 - DEBUG - zeros_positions = [Point(0.424242, 0.121212)]
2024-01-11 09:17:20,458 - DEBUG - poles_positions = [Point(-0.581818, -0.096970)]
2024-01-11 09:17:20,458 - DEBUG - zeros_positions = [Point(0.375758, 0.096970)]
2024-01-11 09:17:20,469 - DEBUG - poles_positions = [Point(-0.581818, -0.096970)]
2024-01-11 09:17:20,469 - DEBUG - zeros_positions = [Point(0.339394, 0.048485)]
2024-01-11 09:17:20,479 - DEBUG - poles_positions = [Point(-0.581818, -0.096970)]
2024-01-11 09:17:20,479 - DEBUG - zeros_positions = [Point(0.290909, 0.000000)]
2024-01-11 09:17:20,490 - DEBUG - poles_positions = [Point(-0.581818, -0.096970)]
2024-01-11 09:17:20,490 - DEBUG - zeros_positions = [Point(0.254545, -0.024242)]
2024-01-11 09:17:20,500 - DEBUG - poles_positions = [Point(-0.581818, -0.096970)]
2024-01-11 09:17:20,500 - DEBUG - zeros_positions = [Point(0.206061, -0.060606)]
2024-01-11 09:17:20,510 - DEBUG - poles_positions = [Point(-0.581818, -0.096970)]
2024-01-11 09:17:20,510 - DEBUG - zeros_positions = [Point(0.157576, -0.096970)]
2024-01-11 09:17:20,525 - DEBUG - poles_positions = [Point(-0.581818, -0.096970)]
2024-01-11 09:17:20,525 - DEBUG - zeros_positions = [Point(0.109091, -0.133333)]
2024-01-11 09:17:20,535 - DEBUG - poles_positions = [Point(-0.581818, -0.096970)]
2024-01-11 09:17:20,535 - DEBUG - zeros_positions = [Point(0.072727, -0.169697)]
2024-01-11 09:17:20,546 - DEBUG - poles_positions = [Point(-0.581818, -0.096970)]
2024-01-11 09:17:20,546 - DEBUG - zeros_positions = [Point(0.024242, -0.206061)]
2024-01-11 09:17:20,557 - DEBUG - poles_positions = [Point(-0.581818, -0.096970)]
2024-01-11 09:17:20,557 - DEBUG - zeros_positions = [Point(0.000000, -0.230303)]
2024-01-11 09:17:20,575 - DEBUG - poles_positions = [Point(-0.581818, -0.096970)]
2024-01-11 09:17:20,575 - DEBUG - zeros_positions = [Point(-0.024242, -0.242424)]
2024-01-11 09:17:20,585 - DEBUG - poles_positions = [Point(-0.581818, -0.096970)]
2024-01-11 09:17:20,585 - DEBUG - zeros_positions = [Point(-0.036364, -0.254545)]
2024-01-11 09:17:20,598 - DEBUG - poles_positions = [Point(-0.581818, -0.096970)]
2024-01-11 09:17:20,598 - DEBUG - zeros_positions = [Point(-0.060606, -0.278788)]
2024-01-11 09:17:20,609 - DEBUG - poles_positions = [Point(-0.581818, -0.096970)]
2024-01-11 09:17:20,609 - DEBUG - zeros_positions = [Point(-0.084848, -0.315152)]
2024-01-11 09:17:20,619 - DEBUG - poles_positions = [Point(-0.581818, -0.096970)]
2024-01-11 09:17:20,619 - DEBUG - zeros_positions = [Point(-0.109091, -0.339394)]
2024-01-11 09:17:20,629 - DEBUG - poles_positions = [Point(-0.581818, -0.096970)]
2024-01-11 09:17:20,629 - DEBUG - zeros_positions = [Point(-0.121212, -0.363636)]
2024-01-11 09:17:20,639 - DEBUG - poles_positions = [Point(-0.581818, -0.096970)]
2024-01-11 09:17:20,639 - DEBUG - zeros_positions = [Point(-0.145455, -0.375758)]
2024-01-11 09:17:20,650 - DEBUG - poles_positions = [Point(-0.581818, -0.096970)]
2024-01-11 09:17:20,650 - DEBUG - zeros_positions = [Point(-0.169697, -0.387879)]
2024-01-11 09:17:20,668 - DEBUG - poles_positions = [Point(-0.581818, -0.096970)]
2024-01-11 09:17:20,668 - DEBUG - zeros_positions = [Point(-0.193939, -0.424242)]
2024-01-11 09:17:20,683 - DEBUG - poles_positions = [Point(-0.581818, -0.096970)]
2024-01-11 09:17:20,683 - DEBUG - zeros_positions = [Point(-0.218182, -0.436364)]
2024-01-11 09:17:20,696 - DEBUG - poles_positions = [Point(-0.581818, -0.096970)]
2024-01-11 09:17:20,696 - DEBUG - zeros_positions = [Point(-0.230303, -0.448485)]
2024-01-11 09:17:20,745 - DEBUG - poles_positions = [Point(-0.581818, -0.096970)]
2024-01-11 09:17:20,745 - DEBUG - zeros_positions = [Point(-0.242424, -0.460606)]

2024-01-11 09:25:02,077 - INFO - isPole = True

2024-01-11 09:25:38,306 - INFO - isPole = True
2024-01-11 09:25:39,801 - INFO - isPole = True
2024-01-11 09:25:41,919 - DEBUG - poles_positions = [Point(0.460606, 0.400000)]
2024-01-11 09:25:41,920 - DEBUG - zeros_positions = [PyQt5.QtCore.QPointF(0.24242424242424243, 0.33939393939393947)]
2024-01-11 09:25:41,920 - DEBUG - polesConjPos: [Point(0.460606, -0.400000)]
2024-01-11 09:25:41,920 - DEBUG - zerosConjPos: [Point(0.242424, -0.339394)]
2024-01-11 09:25:41,930 - DEBUG - poles_positions = [Point(0.436364, 0.387879)]
2024-01-11 09:25:41,930 - DEBUG - zeros_positions = [PyQt5.QtCore.QPointF(0.24242424242424243, 0.33939393939393947)]
2024-01-11 09:25:41,931 - DEBUG - polesConjPos: [Point(0.436364, -0.387879)]
2024-01-11 09:25:41,931 - DEBUG - zerosConjPos: [Point(0.242424, -0.339394)]
2024-01-11 09:25:41,940 - DEBUG - poles_positions = [Point(0.436364, 0.363636)]
2024-01-11 09:25:41,940 - DEBUG - zeros_positions = [PyQt5.QtCore.QPointF(0.24242424242424243, 0.33939393939393947)]
2024-01-11 09:25:41,940 - DEBUG - polesConjPos: [Point(0.436364, -0.363636)]
2024-01-11 09:25:41,940 - DEBUG - zerosConjPos: [Point(0.242424, -0.339394)]
2024-01-11 09:25:41,950 - DEBUG - poles_positions = [Point(0.412121, 0.339394)]
2024-01-11 09:25:41,950 - DEBUG - zeros_positions = [PyQt5.QtCore.QPointF(0.24242424242424243, 0.33939393939393947)]
2024-01-11 09:25:41,950 - DEBUG - polesConjPos: [Point(0.412121, -0.339394)]
2024-01-11 09:25:41,950 - DEBUG - zerosConjPos: [Point(0.242424, -0.339394)]
2024-01-11 09:25:41,960 - DEBUG - poles_positions = [Point(0.400000, 0.327273)]
2024-01-11 09:25:41,960 - DEBUG - zeros_positions = [PyQt5.QtCore.QPointF(0.24242424242424243, 0.33939393939393947)]
2024-01-11 09:25:41,960 - DEBUG - polesConjPos: [Point(0.400000, -0.327273)]
2024-01-11 09:25:41,960 - DEBUG - zerosConjPos: [Point(0.242424, -0.339394)]
2024-01-11 09:25:41,971 - DEBUG - poles_positions = [Point(0.375758, 0.303030)]
2024-01-11 09:25:41,971 - DEBUG - zeros_positions = [PyQt5.QtCore.QPointF(0.24242424242424243, 0.33939393939393947)]
2024-01-11 09:25:41,971 - DEBUG - polesConjPos: [Point(0.375758, -0.303030)]
2024-01-11 09:25:41,971 - DEBUG - zerosConjPos: [Point(0.242424, -0.339394)]
2024-01-11 09:25:41,983 - DEBUG - poles_positions = [Point(0.351515, 0.278788)]
2024-01-11 09:25:41,983 - DEBUG - zeros_positions = [PyQt5.QtCore.QPointF(0.24242424242424243, 0.33939393939393947)]
2024-01-11 09:25:41,983 - DEBUG - polesConjPos: [Point(0.351515, -0.278788)]
2024-01-11 09:25:41,983 - DEBUG - zerosConjPos: [Point(0.242424, -0.339394)]
2024-01-11 09:25:41,995 - DEBUG - poles_positions = [Point(0.315152, 0.242424)]
2024-01-11 09:25:41,995 - DEBUG - zeros_positions = [PyQt5.QtCore.QPointF(0.24242424242424243, 0.33939393939393947)]
2024-01-11 09:25:41,995 - DEBUG - polesConjPos: [Point(0.315152, -0.242424)]
2024-01-11 09:25:41,995 - DEBUG - zerosConjPos: [Point(0.242424, -0.339394)]
2024-01-11 09:25:42,006 - DEBUG - poles_positions = [Point(0.266667, 0.218182)]
2024-01-11 09:25:42,006 - DEBUG - zeros_positions = [PyQt5.QtCore.QPointF(0.24242424242424243, 0.33939393939393947)]
2024-01-11 09:25:42,006 - DEBUG - polesConjPos: [Point(0.266667, -0.218182)]
2024-01-11 09:25:42,006 - DEBUG - zerosConjPos: [Point(0.242424, -0.339394)]
2024-01-11 09:25:42,017 - DEBUG - poles_positions = [Point(0.218182, 0.181818)]
2024-01-11 09:25:42,017 - DEBUG - zeros_positions = [PyQt5.QtCore.QPointF(0.24242424242424243, 0.33939393939393947)]
2024-01-11 09:25:42,017 - DEBUG - polesConjPos: [Point(0.218182, -0.181818)]
2024-01-11 09:25:42,018 - DEBUG - zerosConjPos: [Point(0.242424, -0.339394)]
2024-01-11 09:25:42,028 - DEBUG - poles_positions = [Point(0.157576, 0.145455)]
2024-01-11 09:25:42,028 - DEBUG - zeros_positions = [PyQt5.QtCore.QPointF(0.24242424242424243, 0.33939393939393947)]
2024-01-11 09:25:42,028 - DEBUG - polesConjPos: [Point(0.157576, -0.145455)]
2024-01-11 09:25:42,028 - DEBUG - zerosConjPos: [Point(0.242424, -0.339394)]
2024-01-11 09:25:42,040 - DEBUG - poles_positions = [Point(0.084848, 0.096970)]
2024-01-11 09:25:42,040 - DEBUG - zeros_positions = [PyQt5.QtCore.QPointF(0.24242424242424243, 0.33939393939393947)]
2024-01-11 09:25:42,040 - DEBUG - polesConjPos: [Point(0.084848, -0.096970)]
2024-01-11 09:25:42,040 - DEBUG - zerosConjPos: [Point(0.242424, -0.339394)]
2024-01-11 09:25:42,050 - DEBUG - poles_positions = [Point(0.048485, 0.084848)]
2024-01-11 09:25:42,050 - DEBUG - zeros_positions = [PyQt5.QtCore.QPointF(0.24242424242424243, 0.33939393939393947)]
2024-01-11 09:25:42,050 - DEBUG - polesConjPos: [Point(0.048485, -0.084848)]
2024-01-11 09:25:42,050 - DEBUG - zerosConjPos: [Point(0.242424, -0.339394)]
2024-01-11 09:25:42,063 - DEBUG - poles_positions = [Point(-0.012121, 0.048485)]
2024-01-11 09:25:42,063 - DEBUG - zeros_positions = [PyQt5.QtCore.QPointF(0.24242424242424243, 0.33939393939393947)]
2024-01-11 09:25:42,063 - DEBUG - polesConjPos: [Point(-0.012121, -0.048485)]
2024-01-11 09:25:42,063 - DEBUG - zerosConjPos: [Point(0.242424, -0.339394)]
2024-01-11 09:25:42,073 - DEBUG - poles_positions = [Point(-0.048485, 0.012121)]
2024-01-11 09:25:42,073 - DEBUG - zeros_positions = [PyQt5.QtCore.QPointF(0.24242424242424243, 0.33939393939393947)]
2024-01-11 09:25:42,073 - DEBUG - polesConjPos: [Point(-0.048485, -0.012121)]
2024-01-11 09:25:42,073 - DEBUG - zerosConjPos: [Point(0.242424, -0.339394)]
2024-01-11 09:25:42,083 - DEBUG - poles_positions = [Point(-0.084848, -0.012121)]
2024-01-11 09:25:42,083 - DEBUG - zeros_positions = [PyQt5.QtCore.QPointF(0.24242424242424243, 0.33939393939393947)]
2024-01-11 09:25:42,083 - DEBUG - polesConjPos: [Point(-0.084848, 0.012121)]
2024-01-11 09:25:42,083 - DEBUG - zerosConjPos: [Point(0.242424, -0.339394)]
2024-01-11 09:25:42,093 - DEBUG - poles_positions = [Point(-0.121212, -0.036364)]
2024-01-11 09:25:42,093 - DEBUG - zeros_positions = [PyQt5.QtCore.QPointF(0.24242424242424243, 0.33939393939393947)]
2024-01-11 09:25:42,093 - DEBUG - polesConjPos: [Point(-0.121212, 0.036364)]
2024-01-11 09:25:42,093 - DEBUG - zerosConjPos: [Point(0.242424, -0.339394)]
2024-01-11 09:25:42,104 - DEBUG - poles_positions = [Point(-0.157576, -0.048485)]
2024-01-11 09:25:42,104 - DEBUG - zeros_positions = [PyQt5.QtCore.QPointF(0.24242424242424243, 0.33939393939393947)]
2024-01-11 09:25:42,104 - DEBUG - polesConjPos: [Point(-0.157576, 0.048485)]
2024-01-11 09:25:42,104 - DEBUG - zerosConjPos: [Point(0.242424, -0.339394)]
2024-01-11 09:25:42,116 - DEBUG - poles_positions = [Point(-0.181818, -0.084848)]
2024-01-11 09:25:42,116 - DEBUG - zeros_positions = [PyQt5.QtCore.QPointF(0.24242424242424243, 0.33939393939393947)]
2024-01-11 09:25:42,116 - DEBUG - polesConjPos: [Point(-0.181818, 0.084848)]
2024-01-11 09:25:42,116 - DEBUG - zerosConjPos: [Point(0.242424, -0.339394)]
2024-01-11 09:25:42,127 - DEBUG - poles_positions = [Point(-0.230303, -0.121212)]
2024-01-11 09:25:42,127 - DEBUG - zeros_positions = [PyQt5.QtCore.QPointF(0.24242424242424243, 0.33939393939393947)]
2024-01-11 09:25:42,127 - DEBUG - polesConjPos: [Point(-0.230303, 0.121212)]
2024-01-11 09:25:42,127 - DEBUG - zerosConjPos: [Point(0.242424, -0.339394)]
2024-01-11 09:25:42,138 - DEBUG - poles_positions = [Point(-0.278788, -0.157576)]
2024-01-11 09:25:42,138 - DEBUG - zeros_positions = [PyQt5.QtCore.QPointF(0.24242424242424243, 0.33939393939393947)]
2024-01-11 09:25:42,138 - DEBUG - polesConjPos: [Point(-0.278788, 0.157576)]
2024-01-11 09:25:42,138 - DEBUG - zerosConjPos: [Point(0.242424, -0.339394)]
2024-01-11 09:25:42,148 - DEBUG - poles_positions = [Point(-0.315152, -0.169697)]
2024-01-11 09:25:42,148 - DEBUG - zeros_positions = [PyQt5.QtCore.QPointF(0.24242424242424243, 0.33939393939393947)]
2024-01-11 09:25:42,148 - DEBUG - polesConjPos: [Point(-0.315152, 0.169697)]
2024-01-11 09:25:42,148 - DEBUG - zerosConjPos: [Point(0.242424, -0.339394)]
2024-01-11 09:25:42,161 - DEBUG - poles_positions = [Point(-0.351515, -0.218182)]
2024-01-11 09:25:42,161 - DEBUG - zeros_positions = [PyQt5.QtCore.QPointF(0.24242424242424243, 0.33939393939393947)]
2024-01-11 09:25:42,161 - DEBUG - polesConjPos: [Point(-0.351515, 0.218182)]
2024-01-11 09:25:42,161 - DEBUG - zerosConjPos: [Point(0.242424, -0.339394)]
2024-01-11 09:25:42,173 - DEBUG - poles_positions = [Point(-0.412121, -0.254545)]
2024-01-11 09:25:42,173 - DEBUG - zeros_positions = [PyQt5.QtCore.QPointF(0.24242424242424243, 0.33939393939393947)]
2024-01-11 09:25:42,173 - DEBUG - polesConjPos: [Point(-0.412121, 0.254545)]
2024-01-11 09:25:42,173 - DEBUG - zerosConjPos: [Point(0.242424, -0.339394)]
2024-01-11 09:25:42,188 - DEBUG - poles_positions = [Point(-0.448485, -0.278788)]
2024-01-11 09:25:42,188 - DEBUG - zeros_positions = [PyQt5.QtCore.QPointF(0.24242424242424243, 0.33939393939393947)]
2024-01-11 09:25:42,188 - DEBUG - polesConjPos: [Point(-0.448485, 0.278788)]
2024-01-11 09:25:42,188 - DEBUG - zerosConjPos: [Point(0.242424, -0.339394)]
2024-01-11 09:25:42,198 - DEBUG - poles_positions = [Point(-0.460606, -0.303030)]
2024-01-11 09:25:42,198 - DEBUG - zeros_positions = [PyQt5.QtCore.QPointF(0.24242424242424243, 0.33939393939393947)]
2024-01-11 09:25:42,198 - DEBUG - polesConjPos: [Point(-0.460606, 0.303030)]
2024-01-11 09:25:42,198 - DEBUG - zerosConjPos: [Point(0.242424, -0.339394)]
2024-01-11 09:25:42,208 - DEBUG - poles_positions = [Point(-0.496970, -0.303030)]
2024-01-11 09:25:42,208 - DEBUG - zeros_positions = [PyQt5.QtCore.QPointF(0.24242424242424243, 0.33939393939393947)]
2024-01-11 09:25:42,208 - DEBUG - polesConjPos: [Point(-0.496970, 0.303030)]
2024-01-11 09:25:42,208 - DEBUG - zerosConjPos: [Point(0.242424, -0.339394)]
2024-01-11 09:25:42,222 - DEBUG - poles_positions = [Point(-0.521212, -0.339394)]
2024-01-11 09:25:42,222 - DEBUG - zeros_positions = [PyQt5.QtCore.QPointF(0.24242424242424243, 0.33939393939393947)]
2024-01-11 09:25:42,222 - DEBUG - polesConjPos: [Point(-0.521212, 0.339394)]
2024-01-11 09:25:42,222 - DEBUG - zerosConjPos: [Point(0.242424, -0.339394)]
2024-01-11 09:25:42,236 - DEBUG - poles_positions = [Point(-0.545455, -0.363636)]
2024-01-11 09:25:42,236 - DEBUG - zeros_positions = [PyQt5.QtCore.QPointF(0.24242424242424243, 0.33939393939393947)]
2024-01-11 09:25:42,236 - DEBUG - polesConjPos: [Point(-0.545455, 0.363636)]
2024-01-11 09:25:42,236 - DEBUG - zerosConjPos: [Point(0.242424, -0.339394)]
2024-01-11 09:25:42,247 - DEBUG - poles_positions = [Point(-0.569697, -0.375758)]
2024-01-11 09:25:42,247 - DEBUG - zeros_positions = [PyQt5.QtCore.QPointF(0.24242424242424243, 0.33939393939393947)]
2024-01-11 09:25:42,247 - DEBUG - polesConjPos: [Point(-0.569697, 0.375758)]
2024-01-11 09:25:42,247 - DEBUG - zerosConjPos: [Point(0.242424, -0.339394)]
2024-01-11 09:25:42,258 - DEBUG - poles_positions = [Point(-0.581818, -0.387879)]
2024-01-11 09:25:42,258 - DEBUG - zeros_positions = [PyQt5.QtCore.QPointF(0.24242424242424243, 0.33939393939393947)]
2024-01-11 09:25:42,258 - DEBUG - polesConjPos: [Point(-0.581818, 0.387879)]
2024-01-11 09:25:42,258 - DEBUG - zerosConjPos: [Point(0.242424, -0.339394)]
2024-01-11 09:25:42,289 - DEBUG - poles_positions = [Point(-0.581818, -0.400000)]
2024-01-11 09:25:42,289 - DEBUG - zeros_positions = [PyQt5.QtCore.QPointF(0.24242424242424243, 0.33939393939393947)]
2024-01-11 09:25:42,289 - DEBUG - polesConjPos: [Point(-0.581818, 0.400000)]
2024-01-11 09:25:42,289 - DEBUG - zerosConjPos: [Point(0.242424, -0.339394)]
2024-01-11 09:25:43,220 - DEBUG - poles_positions = [Point(-0.581818, -0.400000)]
2024-01-11 09:25:43,220 - DEBUG - zeros_positions = [Point(0.181818, 0.327273)]
2024-01-11 09:25:43,220 - DEBUG - polesConjPos: [Point(-0.581818, 0.400000)]
2024-01-11 09:25:43,220 - DEBUG - zerosConjPos: [Point(0.181818, -0.327273)]
2024-01-11 09:25:43,231 - DEBUG - poles_positions = [Point(-0.581818, -0.400000)]
2024-01-11 09:25:43,231 - DEBUG - zeros_positions = [Point(0.169697, 0.303030)]
2024-01-11 09:25:43,231 - DEBUG - polesConjPos: [Point(-0.581818, 0.400000)]
2024-01-11 09:25:43,231 - DEBUG - zerosConjPos: [Point(0.169697, -0.303030)]
2024-01-11 09:25:43,243 - DEBUG - poles_positions = [Point(-0.581818, -0.400000)]
2024-01-11 09:25:43,243 - DEBUG - zeros_positions = [Point(0.157576, 0.278788)]
2024-01-11 09:25:43,243 - DEBUG - polesConjPos: [Point(-0.581818, 0.400000)]
2024-01-11 09:25:43,243 - DEBUG - zerosConjPos: [Point(0.157576, -0.278788)]
2024-01-11 09:25:43,253 - DEBUG - poles_positions = [Point(-0.581818, -0.400000)]
2024-01-11 09:25:43,253 - DEBUG - zeros_positions = [Point(0.133333, 0.254545)]
2024-01-11 09:25:43,253 - DEBUG - polesConjPos: [Point(-0.581818, 0.400000)]
2024-01-11 09:25:43,254 - DEBUG - zerosConjPos: [Point(0.133333, -0.254545)]
2024-01-11 09:25:43,263 - DEBUG - poles_positions = [Point(-0.581818, -0.400000)]
2024-01-11 09:25:43,263 - DEBUG - zeros_positions = [Point(0.121212, 0.230303)]
2024-01-11 09:25:43,263 - DEBUG - polesConjPos: [Point(-0.581818, 0.400000)]
2024-01-11 09:25:43,263 - DEBUG - zerosConjPos: [Point(0.121212, -0.230303)]
2024-01-11 09:25:43,274 - DEBUG - poles_positions = [Point(-0.581818, -0.400000)]
2024-01-11 09:25:43,274 - DEBUG - zeros_positions = [Point(0.109091, 0.206061)]
2024-01-11 09:25:43,274 - DEBUG - polesConjPos: [Point(-0.581818, 0.400000)]
2024-01-11 09:25:43,274 - DEBUG - zerosConjPos: [Point(0.109091, -0.206061)]
2024-01-11 09:25:43,291 - DEBUG - poles_positions = [Point(-0.581818, -0.400000)]
2024-01-11 09:25:43,291 - DEBUG - zeros_positions = [Point(0.084848, 0.181818)]
2024-01-11 09:25:43,291 - DEBUG - polesConjPos: [Point(-0.581818, 0.400000)]
2024-01-11 09:25:43,292 - DEBUG - zerosConjPos: [Point(0.084848, -0.181818)]
2024-01-11 09:25:43,303 - DEBUG - poles_positions = [Point(-0.581818, -0.400000)]
2024-01-11 09:25:43,303 - DEBUG - zeros_positions = [Point(0.072727, 0.145455)]
2024-01-11 09:25:43,303 - DEBUG - polesConjPos: [Point(-0.581818, 0.400000)]
2024-01-11 09:25:43,303 - DEBUG - zerosConjPos: [Point(0.072727, -0.145455)]
2024-01-11 09:25:43,313 - DEBUG - poles_positions = [Point(-0.581818, -0.400000)]
2024-01-11 09:25:43,313 - DEBUG - zeros_positions = [Point(0.048485, 0.133333)]
2024-01-11 09:25:43,313 - DEBUG - polesConjPos: [Point(-0.581818, 0.400000)]
2024-01-11 09:25:43,314 - DEBUG - zerosConjPos: [Point(0.048485, -0.133333)]
2024-01-11 09:25:43,325 - DEBUG - poles_positions = [Point(-0.581818, -0.400000)]
2024-01-11 09:25:43,325 - DEBUG - zeros_positions = [Point(0.036364, 0.096970)]
2024-01-11 09:25:43,325 - DEBUG - polesConjPos: [Point(-0.581818, 0.400000)]
2024-01-11 09:25:43,325 - DEBUG - zerosConjPos: [Point(0.036364, -0.096970)]
2024-01-11 09:25:43,341 - DEBUG - poles_positions = [Point(-0.581818, -0.400000)]
2024-01-11 09:25:43,341 - DEBUG - zeros_positions = [Point(0.012121, 0.060606)]
2024-01-11 09:25:43,341 - DEBUG - polesConjPos: [Point(-0.581818, 0.400000)]
2024-01-11 09:25:43,342 - DEBUG - zerosConjPos: [Point(0.012121, -0.060606)]
2024-01-11 09:25:43,352 - DEBUG - poles_positions = [Point(-0.581818, -0.400000)]
2024-01-11 09:25:43,352 - DEBUG - zeros_positions = [Point(-0.012121, 0.048485)]
2024-01-11 09:25:43,352 - DEBUG - polesConjPos: [Point(-0.581818, 0.400000)]
2024-01-11 09:25:43,352 - DEBUG - zerosConjPos: [Point(-0.012121, -0.048485)]
2024-01-11 09:25:43,365 - DEBUG - poles_positions = [Point(-0.581818, -0.400000)]
2024-01-11 09:25:43,365 - DEBUG - zeros_positions = [Point(-0.024242, 0.012121)]
2024-01-11 09:25:43,365 - DEBUG - polesConjPos: [Point(-0.581818, 0.400000)]
2024-01-11 09:25:43,365 - DEBUG - zerosConjPos: [Point(-0.024242, -0.012121)]
2024-01-11 09:25:43,376 - DEBUG - poles_positions = [Point(-0.581818, -0.400000)]
2024-01-11 09:25:43,376 - DEBUG - zeros_positions = [Point(-0.048485, -0.012121)]
2024-01-11 09:25:43,376 - DEBUG - polesConjPos: [Point(-0.581818, 0.400000)]
2024-01-11 09:25:43,376 - DEBUG - zerosConjPos: [Point(-0.048485, 0.012121)]
2024-01-11 09:25:43,387 - DEBUG - poles_positions = [Point(-0.581818, -0.400000)]
2024-01-11 09:25:43,387 - DEBUG - zeros_positions = [Point(-0.072727, -0.048485)]
2024-01-11 09:25:43,387 - DEBUG - polesConjPos: [Point(-0.581818, 0.400000)]
2024-01-11 09:25:43,387 - DEBUG - zerosConjPos: [Point(-0.072727, 0.048485)]
2024-01-11 09:25:43,398 - DEBUG - poles_positions = [Point(-0.581818, -0.400000)]
2024-01-11 09:25:43,398 - DEBUG - zeros_positions = [Point(-0.096970, -0.072727)]
2024-01-11 09:25:43,398 - DEBUG - polesConjPos: [Point(-0.581818, 0.400000)]
2024-01-11 09:25:43,398 - DEBUG - zerosConjPos: [Point(-0.096970, 0.072727)]
2024-01-11 09:25:43,409 - DEBUG - poles_positions = [Point(-0.581818, -0.400000)]
2024-01-11 09:25:43,409 - DEBUG - zeros_positions = [Point(-0.121212, -0.084848)]
2024-01-11 09:25:43,409 - DEBUG - polesConjPos: [Point(-0.581818, 0.400000)]
2024-01-11 09:25:43,409 - DEBUG - zerosConjPos: [Point(-0.121212, 0.084848)]
2024-01-11 09:25:43,423 - DEBUG - poles_positions = [Point(-0.581818, -0.400000)]
2024-01-11 09:25:43,423 - DEBUG - zeros_positions = [Point(-0.145455, -0.109091)]
2024-01-11 09:25:43,423 - DEBUG - polesConjPos: [Point(-0.581818, 0.400000)]
2024-01-11 09:25:43,423 - DEBUG - zerosConjPos: [Point(-0.145455, 0.109091)]
2024-01-11 09:25:43,434 - DEBUG - poles_positions = [Point(-0.581818, -0.400000)]
2024-01-11 09:25:43,434 - DEBUG - zeros_positions = [Point(-0.157576, -0.133333)]
2024-01-11 09:25:43,434 - DEBUG - polesConjPos: [Point(-0.581818, 0.400000)]
2024-01-11 09:25:43,434 - DEBUG - zerosConjPos: [Point(-0.157576, 0.133333)]
2024-01-11 09:25:43,445 - DEBUG - poles_positions = [Point(-0.581818, -0.400000)]
2024-01-11 09:25:43,445 - DEBUG - zeros_positions = [Point(-0.181818, -0.157576)]
2024-01-11 09:25:43,445 - DEBUG - polesConjPos: [Point(-0.581818, 0.400000)]
2024-01-11 09:25:43,445 - DEBUG - zerosConjPos: [Point(-0.181818, 0.157576)]
2024-01-11 09:25:43,456 - DEBUG - poles_positions = [Point(-0.581818, -0.400000)]
2024-01-11 09:25:43,456 - DEBUG - zeros_positions = [Point(-0.206061, -0.181818)]
2024-01-11 09:25:43,457 - DEBUG - polesConjPos: [Point(-0.581818, 0.400000)]
2024-01-11 09:25:43,457 - DEBUG - zerosConjPos: [Point(-0.206061, 0.181818)]
2024-01-11 09:25:43,467 - DEBUG - poles_positions = [Point(-0.581818, -0.400000)]
2024-01-11 09:25:43,468 - DEBUG - zeros_positions = [Point(-0.230303, -0.193939)]
2024-01-11 09:25:43,468 - DEBUG - polesConjPos: [Point(-0.581818, 0.400000)]
2024-01-11 09:25:43,468 - DEBUG - zerosConjPos: [Point(-0.230303, 0.193939)]
2024-01-11 09:25:43,479 - DEBUG - poles_positions = [Point(-0.581818, -0.400000)]
2024-01-11 09:25:43,479 - DEBUG - zeros_positions = [Point(-0.254545, -0.206061)]
2024-01-11 09:25:43,479 - DEBUG - polesConjPos: [Point(-0.581818, 0.400000)]
2024-01-11 09:25:43,479 - DEBUG - zerosConjPos: [Point(-0.254545, 0.206061)]
2024-01-11 09:25:43,501 - DEBUG - poles_positions = [Point(-0.581818, -0.400000)]
2024-01-11 09:25:43,501 - DEBUG - zeros_positions = [Point(-0.266667, -0.242424)]
2024-01-11 09:25:43,501 - DEBUG - polesConjPos: [Point(-0.581818, 0.400000)]
2024-01-11 09:25:43,501 - DEBUG - zerosConjPos: [Point(-0.266667, 0.242424)]
2024-01-11 09:25:43,511 - DEBUG - poles_positions = [Point(-0.581818, -0.400000)]
2024-01-11 09:25:43,511 - DEBUG - zeros_positions = [Point(-0.303030, -0.254545)]
2024-01-11 09:25:43,511 - DEBUG - polesConjPos: [Point(-0.581818, 0.400000)]
2024-01-11 09:25:43,512 - DEBUG - zerosConjPos: [Point(-0.303030, 0.254545)]
2024-01-11 09:25:43,521 - DEBUG - poles_positions = [Point(-0.581818, -0.400000)]
2024-01-11 09:25:43,521 - DEBUG - zeros_positions = [Point(-0.303030, -0.278788)]
2024-01-11 09:25:43,522 - DEBUG - polesConjPos: [Point(-0.581818, 0.400000)]
2024-01-11 09:25:43,522 - DEBUG - zerosConjPos: [Point(-0.303030, 0.278788)]
2024-01-11 09:25:43,541 - DEBUG - poles_positions = [Point(-0.581818, -0.400000)]
2024-01-11 09:25:43,542 - DEBUG - zeros_positions = [Point(-0.327273, -0.290909)]
2024-01-11 09:25:43,542 - DEBUG - polesConjPos: [Point(-0.581818, 0.400000)]
2024-01-11 09:25:43,542 - DEBUG - zerosConjPos: [Point(-0.327273, 0.290909)]
2024-01-11 09:25:43,553 - DEBUG - poles_positions = [Point(-0.581818, -0.400000)]
2024-01-11 09:25:43,554 - DEBUG - zeros_positions = [Point(-0.351515, -0.303030)]
2024-01-11 09:25:43,554 - DEBUG - polesConjPos: [Point(-0.581818, 0.400000)]
2024-01-11 09:25:43,554 - DEBUG - zerosConjPos: [Point(-0.351515, 0.303030)]
2024-01-11 09:25:43,563 - DEBUG - poles_positions = [Point(-0.581818, -0.400000)]
2024-01-11 09:25:43,564 - DEBUG - zeros_positions = [Point(-0.363636, -0.303030)]
2024-01-11 09:25:43,564 - DEBUG - polesConjPos: [Point(-0.581818, 0.400000)]
2024-01-11 09:25:43,564 - DEBUG - zerosConjPos: [Point(-0.363636, 0.303030)]
2024-01-11 09:25:43,577 - DEBUG - poles_positions = [Point(-0.581818, -0.400000)]
2024-01-11 09:25:43,577 - DEBUG - zeros_positions = [Point(-0.375758, -0.315152)]
2024-01-11 09:25:43,577 - DEBUG - polesConjPos: [Point(-0.581818, 0.400000)]
2024-01-11 09:25:43,577 - DEBUG - zerosConjPos: [Point(-0.375758, 0.315152)]
2024-01-11 09:25:43,588 - DEBUG - poles_positions = [Point(-0.581818, -0.400000)]
2024-01-11 09:25:43,589 - DEBUG - zeros_positions = [Point(-0.400000, -0.327273)]
2024-01-11 09:25:43,589 - DEBUG - polesConjPos: [Point(-0.581818, 0.400000)]
2024-01-11 09:25:43,589 - DEBUG - zerosConjPos: [Point(-0.400000, 0.327273)]
2024-01-11 09:25:43,605 - DEBUG - poles_positions = [Point(-0.581818, -0.400000)]
2024-01-11 09:25:43,605 - DEBUG - zeros_positions = [Point(-0.412121, -0.339394)]
2024-01-11 09:25:43,605 - DEBUG - polesConjPos: [Point(-0.581818, 0.400000)]
2024-01-11 09:25:43,605 - DEBUG - zerosConjPos: [Point(-0.412121, 0.339394)]
2024-01-11 09:25:43,620 - DEBUG - poles_positions = [Point(-0.581818, -0.400000)]
2024-01-11 09:25:43,620 - DEBUG - zeros_positions = [Point(-0.424242, -0.351515)]
2024-01-11 09:25:43,620 - DEBUG - polesConjPos: [Point(-0.581818, 0.400000)]
2024-01-11 09:25:43,620 - DEBUG - zerosConjPos: [Point(-0.424242, 0.351515)]

2024-01-11 09:42:44,157 - INFO - isPole = True
2024-01-11 09:42:55,403 - INFO - isPole = True
2024-01-11 09:42:57,123 - DEBUG - poles_positions = [PyQt5.QtCore.QPointF(0.6181818181818182, 0.6666666666666667)]
2024-01-11 09:42:57,124 - DEBUG - zeros_positions = [Point(0.303030, 0.121212)]
2024-01-11 09:42:57,124 - DEBUG - polesConjPos: [Point(0.618182, -0.666667)]
2024-01-11 09:42:57,124 - DEBUG - zerosConjPos: [Point(0.303030, -0.121212)]
2024-01-11 09:42:57,135 - DEBUG - poles_positions = [PyQt5.QtCore.QPointF(0.6181818181818182, 0.6666666666666667)]
2024-01-11 09:42:57,136 - DEBUG - zeros_positions = [Point(0.242424, 0.145455)]
2024-01-11 09:42:57,136 - DEBUG - polesConjPos: [Point(0.618182, -0.666667)]
2024-01-11 09:42:57,136 - DEBUG - zerosConjPos: [Point(0.242424, -0.145455)]
2024-01-11 09:42:57,145 - DEBUG - poles_positions = [PyQt5.QtCore.QPointF(0.6181818181818182, 0.6666666666666667)]
2024-01-11 09:42:57,145 - DEBUG - zeros_positions = [Point(0.193939, 0.169697)]
2024-01-11 09:42:57,145 - DEBUG - polesConjPos: [Point(0.618182, -0.666667)]
2024-01-11 09:42:57,145 - DEBUG - zerosConjPos: [Point(0.193939, -0.169697)]
2024-01-11 09:42:57,155 - DEBUG - poles_positions = [PyQt5.QtCore.QPointF(0.6181818181818182, 0.6666666666666667)]
2024-01-11 09:42:57,155 - DEBUG - zeros_positions = [Point(0.133333, 0.193939)]
2024-01-11 09:42:57,156 - DEBUG - polesConjPos: [Point(0.618182, -0.666667)]
2024-01-11 09:42:57,156 - DEBUG - zerosConjPos: [Point(0.133333, -0.193939)]
2024-01-11 09:42:57,165 - DEBUG - poles_positions = [PyQt5.QtCore.QPointF(0.6181818181818182, 0.6666666666666667)]
2024-01-11 09:42:57,165 - DEBUG - zeros_positions = [Point(0.096970, 0.193939)]
2024-01-11 09:42:57,165 - DEBUG - polesConjPos: [Point(0.618182, -0.666667)]
2024-01-11 09:42:57,166 - DEBUG - zerosConjPos: [Point(0.096970, -0.193939)]
2024-01-11 09:42:57,178 - DEBUG - poles_positions = [PyQt5.QtCore.QPointF(0.6181818181818182, 0.6666666666666667)]
2024-01-11 09:42:57,178 - DEBUG - zeros_positions = [Point(0.048485, 0.206061)]
2024-01-11 09:42:57,178 - DEBUG - polesConjPos: [Point(0.618182, -0.666667)]
2024-01-11 09:42:57,179 - DEBUG - zerosConjPos: [Point(0.048485, -0.206061)]
2024-01-11 09:42:57,191 - DEBUG - poles_positions = [PyQt5.QtCore.QPointF(0.6181818181818182, 0.6666666666666667)]
2024-01-11 09:42:57,191 - DEBUG - zeros_positions = [Point(0.012121, 0.230303)]
2024-01-11 09:42:57,192 - DEBUG - polesConjPos: [Point(0.618182, -0.666667)]
2024-01-11 09:42:57,192 - DEBUG - zerosConjPos: [Point(0.012121, -0.230303)]
2024-01-11 09:42:57,204 - DEBUG - poles_positions = [PyQt5.QtCore.QPointF(0.6181818181818182, 0.6666666666666667)]
2024-01-11 09:42:57,205 - DEBUG - zeros_positions = [Point(-0.012121, 0.230303)]
2024-01-11 09:42:57,205 - DEBUG - polesConjPos: [Point(0.618182, -0.666667)]
2024-01-11 09:42:57,205 - DEBUG - zerosConjPos: [Point(-0.012121, -0.230303)]
2024-01-11 09:42:57,215 - DEBUG - poles_positions = [PyQt5.QtCore.QPointF(0.6181818181818182, 0.6666666666666667)]
2024-01-11 09:42:57,215 - DEBUG - zeros_positions = [Point(-0.048485, 0.254545)]
2024-01-11 09:42:57,215 - DEBUG - polesConjPos: [Point(0.618182, -0.666667)]
2024-01-11 09:42:57,216 - DEBUG - zerosConjPos: [Point(-0.048485, -0.254545)]
2024-01-11 09:42:57,226 - DEBUG - poles_positions = [PyQt5.QtCore.QPointF(0.6181818181818182, 0.6666666666666667)]
2024-01-11 09:42:57,226 - DEBUG - zeros_positions = [Point(-0.109091, 0.278788)]
2024-01-11 09:42:57,226 - DEBUG - polesConjPos: [Point(0.618182, -0.666667)]
2024-01-11 09:42:57,226 - DEBUG - zerosConjPos: [Point(-0.109091, -0.278788)]
2024-01-11 09:42:57,236 - DEBUG - poles_positions = [PyQt5.QtCore.QPointF(0.6181818181818182, 0.6666666666666667)]
2024-01-11 09:42:57,236 - DEBUG - zeros_positions = [Point(-0.169697, 0.303030)]
2024-01-11 09:42:57,236 - DEBUG - polesConjPos: [Point(0.618182, -0.666667)]
2024-01-11 09:42:57,237 - DEBUG - zerosConjPos: [Point(-0.169697, -0.303030)]
2024-01-11 09:42:57,246 - DEBUG - poles_positions = [PyQt5.QtCore.QPointF(0.6181818181818182, 0.6666666666666667)]
2024-01-11 09:42:57,246 - DEBUG - zeros_positions = [Point(-0.242424, 0.327273)]
2024-01-11 09:42:57,246 - DEBUG - polesConjPos: [Point(0.618182, -0.666667)]
2024-01-11 09:42:57,247 - DEBUG - zerosConjPos: [Point(-0.242424, -0.327273)]
2024-01-11 09:42:57,256 - DEBUG - poles_positions = [PyQt5.QtCore.QPointF(0.6181818181818182, 0.6666666666666667)]
2024-01-11 09:42:57,256 - DEBUG - zeros_positions = [Point(-0.290909, 0.339394)]
2024-01-11 09:42:57,256 - DEBUG - polesConjPos: [Point(0.618182, -0.666667)]
2024-01-11 09:42:57,256 - DEBUG - zerosConjPos: [Point(-0.290909, -0.339394)]
2024-01-11 09:42:57,266 - DEBUG - poles_positions = [PyQt5.QtCore.QPointF(0.6181818181818182, 0.6666666666666667)]
2024-01-11 09:42:57,266 - DEBUG - zeros_positions = [Point(-0.339394, 0.363636)]
2024-01-11 09:42:57,266 - DEBUG - polesConjPos: [Point(0.618182, -0.666667)]
2024-01-11 09:42:57,266 - DEBUG - zerosConjPos: [Point(-0.339394, -0.363636)]
2024-01-11 09:42:57,277 - DEBUG - poles_positions = [PyQt5.QtCore.QPointF(0.6181818181818182, 0.6666666666666667)]
2024-01-11 09:42:57,278 - DEBUG - zeros_positions = [Point(-0.375758, 0.387879)]
2024-01-11 09:42:57,278 - DEBUG - polesConjPos: [Point(0.618182, -0.666667)]
2024-01-11 09:42:57,278 - DEBUG - zerosConjPos: [Point(-0.375758, -0.387879)]
2024-01-11 09:42:57,330 - DEBUG - poles_positions = [PyQt5.QtCore.QPointF(0.6181818181818182, 0.6666666666666667)]
2024-01-11 09:42:57,330 - DEBUG - zeros_positions = [Point(-0.387879, 0.387879)]
2024-01-11 09:42:57,330 - DEBUG - polesConjPos: [Point(0.618182, -0.666667)]
2024-01-11 09:42:57,330 - DEBUG - zerosConjPos: [Point(-0.387879, -0.387879)]
2024-01-11 09:42:57,346 - DEBUG - poles_positions = [PyQt5.QtCore.QPointF(0.6181818181818182, 0.6666666666666667)]
2024-01-11 09:42:57,346 - DEBUG - zeros_positions = [Point(-0.387879, 0.400000)]
2024-01-11 09:42:57,346 - DEBUG - polesConjPos: [Point(0.618182, -0.666667)]
2024-01-11 09:42:57,346 - DEBUG - zerosConjPos: [Point(-0.387879, -0.400000)]
2024-01-11 09:42:58,047 - DEBUG - poles_positions = [Point(0.606061, 0.557576)]
2024-01-11 09:42:58,047 - DEBUG - zeros_positions = [Point(-0.387879, 0.400000)]
2024-01-11 09:42:58,047 - DEBUG - polesConjPos: [Point(0.606061, -0.557576)]
2024-01-11 09:42:58,047 - DEBUG - zerosConjPos: [Point(-0.387879, -0.400000)]
2024-01-11 09:42:58,057 - DEBUG - poles_positions = [Point(0.593939, 0.496970)]
2024-01-11 09:42:58,057 - DEBUG - zeros_positions = [Point(-0.387879, 0.400000)]
2024-01-11 09:42:58,057 - DEBUG - polesConjPos: [Point(0.593939, -0.496970)]
2024-01-11 09:42:58,057 - DEBUG - zerosConjPos: [Point(-0.387879, -0.400000)]
2024-01-11 09:42:58,067 - DEBUG - poles_positions = [Point(0.581818, 0.412121)]
2024-01-11 09:42:58,067 - DEBUG - zeros_positions = [Point(-0.387879, 0.400000)]
2024-01-11 09:42:58,067 - DEBUG - polesConjPos: [Point(0.581818, -0.412121)]
2024-01-11 09:42:58,067 - DEBUG - zerosConjPos: [Point(-0.387879, -0.400000)]
2024-01-11 09:42:58,077 - DEBUG - poles_positions = [Point(0.545455, 0.327273)]
2024-01-11 09:42:58,077 - DEBUG - zeros_positions = [Point(-0.387879, 0.400000)]
2024-01-11 09:42:58,077 - DEBUG - polesConjPos: [Point(0.545455, -0.327273)]
2024-01-11 09:42:58,077 - DEBUG - zerosConjPos: [Point(-0.387879, -0.400000)]
2024-01-11 09:42:58,086 - DEBUG - poles_positions = [Point(0.496970, 0.242424)]
2024-01-11 09:42:58,086 - DEBUG - zeros_positions = [Point(-0.387879, 0.400000)]
2024-01-11 09:42:58,086 - DEBUG - polesConjPos: [Point(0.496970, -0.242424)]
2024-01-11 09:42:58,086 - DEBUG - zerosConjPos: [Point(-0.387879, -0.400000)]
2024-01-11 09:42:58,097 - DEBUG - poles_positions = [Point(0.460606, 0.145455)]
2024-01-11 09:42:58,097 - DEBUG - zeros_positions = [Point(-0.387879, 0.400000)]
2024-01-11 09:42:58,097 - DEBUG - polesConjPos: [Point(0.460606, -0.145455)]
2024-01-11 09:42:58,097 - DEBUG - zerosConjPos: [Point(-0.387879, -0.400000)]
2024-01-11 09:42:58,107 - DEBUG - poles_positions = [Point(0.400000, 0.072727)]
2024-01-11 09:42:58,107 - DEBUG - zeros_positions = [Point(-0.387879, 0.400000)]
2024-01-11 09:42:58,107 - DEBUG - polesConjPos: [Point(0.400000, -0.072727)]
2024-01-11 09:42:58,107 - DEBUG - zerosConjPos: [Point(-0.387879, -0.400000)]
2024-01-11 09:42:58,117 - DEBUG - poles_positions = [Point(0.339394, -0.012121)]
2024-01-11 09:42:58,117 - DEBUG - zeros_positions = [Point(-0.387879, 0.400000)]
2024-01-11 09:42:58,117 - DEBUG - polesConjPos: [Point(0.339394, 0.012121)]
2024-01-11 09:42:58,117 - DEBUG - zerosConjPos: [Point(-0.387879, -0.400000)]
2024-01-11 09:42:58,127 - DEBUG - poles_positions = [Point(0.266667, -0.060606)]
2024-01-11 09:42:58,127 - DEBUG - zeros_positions = [Point(-0.387879, 0.400000)]
2024-01-11 09:42:58,127 - DEBUG - polesConjPos: [Point(0.266667, 0.060606)]
2024-01-11 09:42:58,127 - DEBUG - zerosConjPos: [Point(-0.387879, -0.400000)]
2024-01-11 09:42:58,138 - DEBUG - poles_positions = [Point(0.218182, -0.133333)]
2024-01-11 09:42:58,138 - DEBUG - zeros_positions = [Point(-0.387879, 0.400000)]
2024-01-11 09:42:58,138 - DEBUG - polesConjPos: [Point(0.218182, 0.133333)]
2024-01-11 09:42:58,138 - DEBUG - zerosConjPos: [Point(-0.387879, -0.400000)]
2024-01-11 09:42:58,148 - DEBUG - poles_positions = [Point(0.169697, -0.157576)]
2024-01-11 09:42:58,148 - DEBUG - zeros_positions = [Point(-0.387879, 0.400000)]
2024-01-11 09:42:58,148 - DEBUG - polesConjPos: [Point(0.169697, 0.157576)]
2024-01-11 09:42:58,148 - DEBUG - zerosConjPos: [Point(-0.387879, -0.400000)]
2024-01-11 09:42:58,159 - DEBUG - poles_positions = [Point(0.133333, -0.206061)]
2024-01-11 09:42:58,159 - DEBUG - zeros_positions = [Point(-0.387879, 0.400000)]
2024-01-11 09:42:58,159 - DEBUG - polesConjPos: [Point(0.133333, 0.206061)]
2024-01-11 09:42:58,159 - DEBUG - zerosConjPos: [Point(-0.387879, -0.400000)]
2024-01-11 09:42:58,170 - DEBUG - poles_positions = [Point(0.121212, -0.218182)]
2024-01-11 09:42:58,170 - DEBUG - zeros_positions = [Point(-0.387879, 0.400000)]
2024-01-11 09:42:58,170 - DEBUG - polesConjPos: [Point(0.121212, 0.218182)]
2024-01-11 09:42:58,170 - DEBUG - zerosConjPos: [Point(-0.387879, -0.400000)]
2024-01-11 09:42:58,211 - DEBUG - poles_positions = [Point(0.109091, -0.218182)]
2024-01-11 09:42:58,211 - DEBUG - zeros_positions = [Point(-0.387879, 0.400000)]
2024-01-11 09:42:58,211 - DEBUG - polesConjPos: [Point(0.109091, 0.218182)]
2024-01-11 09:42:58,211 - DEBUG - zerosConjPos: [Point(-0.387879, -0.400000)]

2024-01-11 09:47:22,077 - INFO - isPole = True

2024-01-11 09:47:49,596 - INFO - isPole = True

2024-01-11 09:52:25,702 - INFO - isPole = True
2024-01-11 09:52:26,433 - INFO - isPole = True
2024-01-11 09:52:28,651 - INFO - isPole = True
2024-01-11 09:52:29,458 - INFO - isPole = True







2024-01-11 10:04:08,084 - DEBUG - poles_conj_pos: []
2024-01-11 10:04:08,085 - DEBUG - poles_conj_pos: []












