
2024-01-02 21:04:54,526 - INFO - isPole = True
2024-01-02 21:04:56,257 - INFO - Current Click Coordinates --> x:-0.26086956521739135, y:0.25230769230769234
2024-01-02 21:04:56,257 - INFO - Adding Pole at Coordinates --> x:-0.26086956521739135, y:0.25230769230769234
2024-01-02 21:04:58,591 - INFO - Current Click Coordinates --> x:0.3188405797101448, y:0.2153846153846154
2024-01-02 21:04:58,592 - INFO - Adding Pole at Coordinates --> x:0.3188405797101448, y:0.2153846153846154
2024-01-02 21:04:59,992 - INFO - Current Click Coordinates --> x:-0.27826086956521756, y:-0.1907692307692308
2024-01-02 21:04:59,992 - INFO - Adding Pole at Coordinates --> x:-0.27826086956521756, y:-0.1907692307692308
2024-01-02 21:05:01,210 - INFO - Current Click Coordinates --> x:0.32463768115942027, y:-0.3138461538461539
2024-01-02 21:05:01,211 - INFO - Adding Pole at Coordinates --> x:0.32463768115942027, y:-0.3138461538461539
2024-01-02 21:05:02,745 - INFO - Current Click Coordinates --> x:0.04637681159420293, y:-0.523076923076923
2024-01-02 21:05:02,746 - INFO - Adding Pole at Coordinates --> x:0.04637681159420293, y:-0.523076923076923
2024-01-02 21:05:04,570 - INFO - isZero = True
2024-01-02 21:05:05,108 - INFO - Current Click Coordinates --> x:0.05217391304347818, y:0.56
2024-01-02 21:05:05,108 - INFO - Adding Zero at Coordinates --> x:0.05217391304347818, y:0.56
2024-01-02 21:05:05,615 - INFO - Current Click Coordinates --> x:-0.44637681159420295, y:0.48615384615384616
2024-01-02 21:05:05,616 - INFO - Adding Zero at Coordinates --> x:-0.44637681159420295, y:0.48615384615384616
2024-01-02 21:05:05,930 - INFO - Current Click Coordinates --> x:-0.655072463768116, y:0.006153846153846176
2024-01-02 21:05:05,931 - INFO - Adding Zero at Coordinates --> x:-0.655072463768116, y:0.006153846153846176
2024-01-02 21:05:06,267 - INFO - Current Click Coordinates --> x:0.04057971014492745, y:-0.006153846153846176
2024-01-02 21:05:06,268 - INFO - Adding Zero at Coordinates --> x:0.04057971014492745, y:-0.006153846153846176
2024-01-02 21:05:06,579 - INFO - Current Click Coordinates --> x:0.5333333333333332, y:0.3261538461538461
2024-01-02 21:05:06,580 - INFO - Adding Zero at Coordinates --> x:0.5333333333333332, y:0.3261538461538461
2024-01-02 21:05:06,851 - INFO - Current Click Coordinates --> x:0.6840579710144927, y:-0.33846153846153837
2024-01-02 21:05:06,851 - INFO - Adding Zero at Coordinates --> x:0.6840579710144927, y:-0.33846153846153837
2024-01-02 21:05:07,187 - INFO - Current Click Coordinates --> x:0.10434782608695636, y:-0.7323076923076923
2024-01-02 21:05:07,188 - INFO - Adding Zero at Coordinates --> x:0.10434782608695636, y:-0.7323076923076923
2024-01-02 21:05:07,452 - INFO - Current Click Coordinates --> x:-0.44637681159420295, y:-0.4738461538461538
2024-01-02 21:05:07,453 - INFO - Adding Zero at Coordinates --> x:-0.44637681159420295, y:-0.4738461538461538

2024-01-02 21:05:39,681 - INFO - isPole = True
2024-01-02 21:05:40,469 - INFO - Current Click Coordinates --> x:-0.5797101449275363, y:0.3630769230769231
2024-01-02 21:05:40,469 - INFO - Adding Pole at Coordinates --> x:-0.5797101449275363, y:0.3630769230769231

2024-01-02 21:05:54,255 - INFO - isPole = True
2024-01-02 21:05:54,734 - INFO - Current Click Coordinates --> x:0.27826086956521734, y:0.5107692307692308
2024-01-02 21:05:54,734 - INFO - Adding Pole at Coordinates --> x:0.27826086956521734, y:0.5107692307692308
2024-01-02 21:05:57,331 - INFO - isZero = True
2024-01-02 21:05:57,739 - INFO - Current Click Coordinates --> x:-0.5565217391304349, y:0.04307692307692301
2024-01-02 21:05:57,739 - INFO - Adding Zero at Coordinates --> x:-0.5565217391304349, y:0.04307692307692301
2024-01-02 21:06:00,128 - INFO - isPole = True
2024-01-02 21:06:00,677 - INFO - Current Click Coordinates --> x:0.3999999999999999, y:0.006153846153846176
2024-01-02 21:06:00,677 - INFO - Adding Pole at Coordinates --> x:0.3999999999999999, y:0.006153846153846176
2024-01-02 21:06:02,288 - INFO - isZero = True
2024-01-02 21:06:02,575 - INFO - Current Click Coordinates --> x:0.336231884057971, y:-0.6215384615384616
2024-01-02 21:06:02,575 - INFO - Adding Zero at Coordinates --> x:0.336231884057971, y:-0.6215384615384616

2024-01-02 21:06:44,278 - INFO - isPole = True
2024-01-02 21:06:44,787 - INFO - Current Click Coordinates --> x:0.18550724637681149, y:0.5969230769230769
2024-01-02 21:06:44,787 - INFO - Adding Pole at Coordinates --> x:0.18550724637681149, y:0.5969230769230769
2024-01-02 21:06:46,522 - INFO - isZero = True
2024-01-02 21:06:46,842 - INFO - Current Click Coordinates --> x:-0.6318840579710145, y:-0.1415384615384616
2024-01-02 21:06:46,842 - INFO - Adding Zero at Coordinates --> x:-0.6318840579710145, y:-0.1415384615384616
2024-01-02 21:06:47,591 - INFO - isPole = True
2024-01-02 21:06:47,867 - INFO - Current Click Coordinates --> x:0.44637681159420284, y:-0.1661538461538461
2024-01-02 21:06:47,867 - INFO - Adding Pole at Coordinates --> x:0.44637681159420284, y:-0.1661538461538461
2024-01-02 21:06:48,517 - INFO - isZero = True
2024-01-02 21:06:48,895 - INFO - Current Click Coordinates --> x:-0.17971014492753623, y:0.5230769230769231
2024-01-02 21:06:48,896 - INFO - Adding Zero at Coordinates --> x:-0.17971014492753623, y:0.5230769230769231
2024-01-02 21:06:50,076 - INFO - isPole = True
2024-01-02 21:06:50,334 - INFO - Current Click Coordinates --> x:0.9333333333333333, y:0.8923076923076922
2024-01-02 21:06:50,334 - INFO - Adding Pole at Coordinates --> x:0.9333333333333333, y:0.8923076923076922
2024-01-02 21:06:50,943 - INFO - Current Click Coordinates --> x:-0.8869565217391305, y:0.9538461538461538
2024-01-02 21:06:50,943 - INFO - Adding Pole at Coordinates --> x:-0.8869565217391305, y:0.9538461538461538
2024-01-02 21:06:51,350 - INFO - Current Click Coordinates --> x:-0.9971014492753624, y:-0.6707692307692308
2024-01-02 21:06:51,351 - INFO - Adding Pole at Coordinates --> x:-0.9971014492753624, y:-0.6707692307692308
2024-01-02 21:06:51,733 - INFO - Current Click Coordinates --> x:0.9797101449275363, y:-0.8553846153846154
2024-01-02 21:06:51,733 - INFO - Adding Pole at Coordinates --> x:0.9797101449275363, y:-0.8553846153846154

2024-01-02 21:11:48,431 - INFO - isPole = True
2024-01-02 21:11:49,144 - INFO - Adding Pole at Coordinates --> x:0.37681159420289845, y:0.5969230769230769
2024-01-02 21:11:50,760 - INFO - isZero = True
2024-01-02 21:11:53,612 - INFO - Adding Zero at Coordinates --> x:-0.26086956521739135, y:-0.11692307692307691

2024-01-02 21:12:46,348 - INFO - isPole = True
2024-01-02 21:12:46,900 - INFO - Adding Pole at Coordinates --> x:0.42898550724637685, y:0.38769230769230767
2024-01-02 21:12:48,766 - INFO - Adding Pole at Coordinates --> x:-0.2898550724637683, y:0.055384615384615365

2024-01-02 21:13:38,967 - INFO - isPole = True
2024-01-02 21:13:40,334 - INFO - Adding Pole at Coordinates --> x:-0.11014492753623206, y:0.3261538461538461
2024-01-02 21:13:41,774 - INFO - isZero = True
2024-01-02 21:13:42,204 - INFO - Adding Zero at Coordinates --> x:0.47536231884057956, y:-0.08000000000000007
2024-01-02 21:13:43,094 - INFO - isPole = True
2024-01-02 21:13:43,438 - INFO - Adding Pole at Coordinates --> x:0.3652173913043477, y:0.7323076923076923
2024-01-02 21:13:44,100 - INFO - isZero = True
2024-01-02 21:13:44,406 - INFO - Adding Zero at Coordinates --> x:0.034782608695652195, y:-0.633846153846154
2024-01-02 21:13:44,711 - INFO - Adding Zero at Coordinates --> x:-0.4927536231884059, y:-0.30153846153846153
2024-01-02 21:13:44,987 - INFO - Adding Zero at Coordinates --> x:-0.4869565217391305, y:0.4984615384615385
2024-01-02 21:13:45,624 - INFO - isPole = True
2024-01-02 21:13:45,673 - INFO - isPole = True
2024-01-02 21:13:46,013 - INFO - Adding Pole at Coordinates --> x:-0.1333333333333333, y:0.8061538461538462



2024-01-02 21:22:18,594 - INFO - isPole = True
2024-01-02 21:22:19,051 - INFO - Adding Pole at Coordinates --> x:0.08695652173913038, y:0.3753846153846154
2024-01-02 21:22:19,618 - INFO - Adding Pole at Coordinates --> x:-0.35942028985507246, y:0.11692307692307691
2024-01-02 21:22:20,295 - INFO - isZero = True
2024-01-02 21:22:20,634 - INFO - Adding Zero at Coordinates --> x:0.527536231884058, y:0.006153846153846176
2024-01-02 21:22:21,055 - INFO - Adding Zero at Coordinates --> x:-0.06376811594202914, y:-0.6461538461538461

2024-01-02 21:23:32,505 - INFO - isPole = True
2024-01-02 21:23:32,895 - INFO - Adding Pole at Coordinates --> x:0.4521739130434781, y:0.38769230769230767
2024-01-02 21:23:33,608 - INFO - Adding Pole at Coordinates --> x:-0.6086956521739131, y:0.27692307692307694
2024-01-02 21:23:34,462 - INFO - isZero = True
2024-01-02 21:23:34,810 - INFO - Adding Zero at Coordinates --> x:0.41159420289855064, y:-0.2892307692307692
2024-01-02 21:23:35,348 - INFO - Adding Zero at Coordinates --> x:-0.26666666666666683, y:-0.3876923076923078
2024-01-02 21:23:40,698 - INFO - isPole = True
2024-01-02 21:23:41,530 - INFO - Adding Pole at Coordinates --> x:0.27826086956521734, y:0.5476923076923077
2024-01-02 21:23:46,734 - INFO - isPole = True
2024-01-02 21:23:47,095 - INFO - Adding Pole at Coordinates --> x:0.5797101449275361, y:0.1661538461538461
2024-01-02 21:23:48,297 - INFO - isZero = True
2024-01-02 21:23:48,687 - INFO - Adding Zero at Coordinates --> x:-0.40000000000000013, y:0.11692307692307691
2024-01-02 21:23:51,718 - INFO - Adding Zero at Coordinates --> x:0.3014492753623188, y:-0.006153846153846176
2024-01-02 21:23:52,285 - INFO - Adding Zero at Coordinates --> x:-0.4057971014492754, y:0.11692307692307691

2024-01-02 21:26:20,037 - INFO - isPole = True
2024-01-02 21:26:20,395 - INFO - Adding Pole at Coordinates --> x:0.3884057971014492, y:0.3138461538461539
2024-01-02 21:26:20,780 - INFO - Adding Pole at Coordinates --> x:-0.3884057971014494, y:0.20307692307692315
2024-01-02 21:26:21,442 - INFO - isZero = True
2024-01-02 21:26:21,754 - INFO - Adding Zero at Coordinates --> x:0.3999999999999999, y:-0.22769230769230764
2024-01-02 21:26:22,074 - INFO - Adding Zero at Coordinates --> x:-0.39420289855072466, y:-0.33846153846153837
2024-01-02 21:26:24,600 - INFO - isPole = True
2024-01-02 21:26:24,942 - INFO - Adding Pole at Coordinates --> x:0.47536231884057956, y:0.3507692307692307
2024-01-02 21:26:25,328 - INFO - Adding Pole at Coordinates --> x:-0.4869565217391305, y:0.20307692307692315
2024-01-02 21:26:26,006 - INFO - isZero = True
2024-01-02 21:26:26,350 - INFO - Adding Zero at Coordinates --> x:0.4231884057971014, y:-0.12923076923076926
2024-01-02 21:26:26,683 - INFO - Adding Zero at Coordinates --> x:-0.27826086956521756, y:-0.3138461538461539
2024-01-02 21:26:31,410 - INFO - isPole = True
2024-01-02 21:26:32,028 - INFO - Adding Pole at Coordinates --> x:0.5159420289855072, y:0.2892307692307692
2024-01-02 21:26:35,234 - INFO - isZero = True
2024-01-02 21:26:35,701 - INFO - Adding Zero at Coordinates --> x:-0.26666666666666683, y:0.055384615384615365
2024-01-02 21:26:35,748 - INFO - Adding Zero at Coordinates --> x:-0.26666666666666683, y:0.055384615384615365

2024-01-02 21:27:14,573 - INFO - isPole = True
2024-01-02 21:27:14,875 - INFO - Adding Pole at Coordinates --> x:0.3304347826086955, y:0.2892307692307692
2024-01-02 21:27:15,134 - INFO - Adding Pole at Coordinates --> x:-0.6434782608695653, y:0.22769230769230764
2024-01-02 21:27:15,745 - INFO - isZero = True
2024-01-02 21:27:16,003 - INFO - Adding Zero at Coordinates --> x:0.20869565217391295, y:-0.24
2024-01-02 21:27:16,270 - INFO - Adding Zero at Coordinates --> x:-0.3536231884057972, y:-0.33846153846153837
2024-01-02 21:27:19,535 - INFO - isPole = True
2024-01-02 21:27:19,586 - INFO - isPole = True
2024-01-02 21:27:19,892 - INFO - Adding Pole at Coordinates --> x:0.3652173913043477, y:0.46153846153846156
2024-01-02 21:27:24,233 - INFO - isZero = True
2024-01-02 21:27:24,523 - INFO - Adding Zero at Coordinates --> x:0.498550724637681, y:0.25230769230769234
2024-01-02 21:27:27,913 - INFO - isPole = True
2024-01-02 21:27:28,547 - INFO - Adding Pole at Coordinates --> x:0.5507246376811594, y:0.43692307692307697
2024-01-02 21:27:28,834 - INFO - Adding Pole at Coordinates --> x:-0.04637681159420293, y:0.3753846153846154
2024-01-02 21:27:29,079 - INFO - Adding Pole at Coordinates --> x:-0.48115942028985514, y:0.15384615384615374
2024-01-02 21:27:29,288 - INFO - Adding Pole at Coordinates --> x:-0.19710144927536244, y:-0.21538461538461529
2024-01-02 21:27:29,522 - INFO - Adding Pole at Coordinates --> x:0.5043478260869565, y:-0.055384615384615365
2024-01-02 21:27:30,026 - INFO - isPole = True
2024-01-02 21:27:30,525 - INFO - Adding Pole at Coordinates --> x:0.3999999999999999, y:-0.523076923076923
2024-01-02 21:27:30,763 - INFO - Adding Pole at Coordinates --> x:-0.011594202898550732, y:-0.6953846153846155
2024-01-02 21:27:30,970 - INFO - Adding Pole at Coordinates --> x:-0.2202898550724639, y:-0.6215384615384616
2024-01-02 21:27:31,425 - INFO - isZero = True
2024-01-02 21:27:31,795 - INFO - Adding Zero at Coordinates --> x:0.27826086956521734, y:0.46153846153846156
2024-01-02 21:27:31,998 - INFO - Adding Zero at Coordinates --> x:0.17971014492753623, y:-0.1415384615384616
2024-01-02 21:27:32,210 - INFO - Adding Zero at Coordinates --> x:-0.02898550724637694, y:0.1415384615384616
2024-01-02 21:27:32,399 - INFO - Adding Zero at Coordinates --> x:-0.3014492753623188, y:0.4738461538461538
2024-01-02 21:27:32,646 - INFO - Adding Zero at Coordinates --> x:-0.5681159420289856, y:-0.2769230769230768
2024-01-02 21:27:32,896 - INFO - Adding Zero at Coordinates --> x:0.8289855072463765, y:-0.1415384615384616
2024-01-02 21:27:35,966 - INFO - isPole = True
2024-01-02 21:27:36,363 - INFO - Adding Pole at Coordinates --> x:0.42898550724637685, y:0.4
2024-01-02 21:27:38,700 - INFO - Adding Pole at Coordinates --> x:-0.16231884057971024, y:0.4492307692307692



2024-01-02 21:36:24,545 - INFO - isPole = True
2024-01-02 21:36:24,902 - INFO - Adding Pole at Coordinates --> x:0.13913043478260856, y:0.4984615384615385
2024-01-02 21:36:25,445 - INFO - Adding Pole at Coordinates --> x:-0.4231884057971015, y:0.12923076923076926
2024-01-02 21:36:26,237 - INFO - isZero = True
2024-01-02 21:36:26,526 - INFO - Adding Zero at Coordinates --> x:0.5101449275362318, y:0.10461538461538455
2024-01-02 21:36:26,864 - INFO - Adding Zero at Coordinates --> x:-0.26666666666666683, y:-0.4738461538461538

2024-01-02 21:36:49,657 - INFO - isPole = True
2024-01-02 21:36:49,973 - INFO - Adding Pole at Coordinates --> x:0.5333333333333332, y:0.4738461538461538
2024-01-02 21:36:50,425 - INFO - Adding Pole at Coordinates --> x:-0.40000000000000013, y:0.3753846153846154
2024-01-02 21:36:51,105 - INFO - isZero = True
2024-01-02 21:36:51,366 - INFO - Adding Zero at Coordinates --> x:0.6144927536231883, y:-0.15384615384615374
2024-01-02 21:36:51,683 - INFO - Adding Zero at Coordinates --> x:-0.3072463768115943, y:-0.2646153846153847


2024-01-02 21:41:00,479 - INFO - isPole = True
2024-01-02 21:41:00,875 - INFO - Adding Pole at Coordinates --> x:0.3999999999999999, y:0.4
2024-01-02 21:41:01,921 - INFO - isZero = True
2024-01-02 21:41:02,420 - INFO - Adding Zero at Coordinates --> x:0.30724637681159406, y:-0.3630769230769231
2024-01-02 21:41:05,904 - INFO - isPole = True
2024-01-02 21:41:06,398 - INFO - Adding Pole at Coordinates --> x:0.4231884057971014, y:0.4492307692307692
2024-01-02 21:41:08,266 - INFO - isZero = True
2024-01-02 21:41:08,766 - INFO - Adding Zero at Coordinates --> x:0.6086956521739129, y:-0.30153846153846153
2024-01-02 21:41:12,070 - INFO - Adding Zero at Coordinates --> x:0.6086956521739129, y:0.30153846153846153
2024-01-02 21:41:12,070 - INFO - Adding Zero at Coordinates --> x:0.4231884057971014, y:-0.4492307692307692
2024-01-02 21:41:18,969 - INFO - isPole = True
2024-01-02 21:41:19,552 - INFO - Adding Pole at Coordinates --> x:0.4521739130434781, y:0.5107692307692308
2024-01-02 21:41:20,978 - INFO - isZero = True
2024-01-02 21:41:21,530 - INFO - Adding Zero at Coordinates --> x:0.35942028985507246, y:-0.30153846153846153
2024-01-02 21:41:24,177 - INFO - Adding Zero at Coordinates --> x:0.35942028985507246, y:0.30153846153846153
2024-01-02 21:41:24,177 - INFO - Adding Zero at Coordinates --> x:0.4521739130434781, y:-0.5107692307692308
2024-01-02 21:41:27,107 - INFO - Adding Zero at Coordinates --> x:0.7072463768115942, y:0.4492307692307692
2024-01-02 21:41:27,391 - INFO - Adding Zero at Coordinates --> x:-0.35942028985507246, y:0.22769230769230764
2024-01-02 21:41:28,051 - INFO - isZero = True
2024-01-02 21:41:28,521 - INFO - isPole = True
2024-01-02 21:41:28,803 - INFO - Adding Pole at Coordinates --> x:0.06956521739130439, y:0.030769230769230882
2024-01-02 21:41:29,052 - INFO - Adding Pole at Coordinates --> x:-0.23188405797101463, y:-0.2892307692307692
2024-01-02 21:41:29,271 - INFO - Adding Pole at Coordinates --> x:0.3304347826086955, y:-0.4492307692307693

2024-01-02 21:53:03,347 - INFO - isPole = True
2024-01-02 21:53:04,282 - INFO - Adding Pole at Coordinates --> x:0.24347826086956514, y:0.27692307692307694
2024-01-02 21:53:04,282 - DEBUG - poles: [(0.24347826086956514, 0.27692307692307694)]
2024-01-02 21:53:04,282 - DEBUG - zeros: []
2024-01-02 21:53:04,644 - INFO - Adding Pole at Coordinates --> x:-0.16231884057971024, y:0.22769230769230764
2024-01-02 21:53:04,644 - DEBUG - poles: [(0.24347826086956514, 0.27692307692307694), (-0.16231884057971024, 0.22769230769230764)]
2024-01-02 21:53:04,644 - DEBUG - zeros: []
2024-01-02 21:53:06,311 - INFO - isZero = True
2024-01-02 21:53:06,620 - INFO - Adding Zero at Coordinates --> x:0.2376811594202899, y:-0.1415384615384616
2024-01-02 21:53:06,620 - DEBUG - poles: [(0.24347826086956514, 0.27692307692307694), (-0.16231884057971024, 0.22769230769230764)]
2024-01-02 21:53:06,620 - DEBUG - zeros: [(0.2376811594202899, -0.1415384615384616)]
2024-01-02 21:53:06,939 - INFO - Adding Zero at Coordinates --> x:-0.3710144927536232, y:-0.3630769230769231
2024-01-02 21:53:06,939 - DEBUG - poles: [(0.24347826086956514, 0.27692307692307694), (-0.16231884057971024, 0.22769230769230764)]
2024-01-02 21:53:06,939 - DEBUG - zeros: [(0.2376811594202899, -0.1415384615384616), (-0.3710144927536232, -0.3630769230769231)]
2024-01-02 21:53:08,921 - DEBUG - poles: [(0.24347826086956514, 0.27692307692307694), (-0.16231884057971024, 0.22769230769230764), (0.24347826086956514, -0.27692307692307694), (-0.16231884057971024, -0.22769230769230764)]
2024-01-02 21:53:08,922 - DEBUG - zeros: [(0.2376811594202899, -0.1415384615384616), (-0.3710144927536232, -0.3630769230769231), (0.2376811594202899, 0.1415384615384616), (-0.3710144927536232, 0.3630769230769231)]
2024-01-02 21:53:11,198 - INFO - isZero = True
2024-01-02 21:53:11,707 - INFO - Adding Zero at Coordinates --> x:0.3652173913043477, y:0.6953846153846154
2024-01-02 21:53:11,707 - DEBUG - poles: [(0.24347826086956514, 0.27692307692307694), (-0.16231884057971024, 0.22769230769230764), (0.24347826086956514, -0.27692307692307694), (-0.16231884057971024, -0.22769230769230764)]
2024-01-02 21:53:11,707 - DEBUG - zeros: [(0.2376811594202899, -0.1415384615384616), (-0.3710144927536232, -0.3630769230769231), (0.2376811594202899, 0.1415384615384616), (-0.3710144927536232, 0.3630769230769231), (0.3652173913043477, 0.6953846153846154)]
2024-01-02 21:53:12,020 - INFO - Adding Zero at Coordinates --> x:-0.42898550724637685, y:0.6092307692307692
2024-01-02 21:53:12,020 - DEBUG - poles: [(0.24347826086956514, 0.27692307692307694), (-0.16231884057971024, 0.22769230769230764), (0.24347826086956514, -0.27692307692307694), (-0.16231884057971024, -0.22769230769230764)]
2024-01-02 21:53:12,020 - DEBUG - zeros: [(0.2376811594202899, -0.1415384615384616), (-0.3710144927536232, -0.3630769230769231), (0.2376811594202899, 0.1415384615384616), (-0.3710144927536232, 0.3630769230769231), (0.3652173913043477, 0.6953846153846154), (-0.42898550724637685, 0.6092307692307692)]

2024-01-02 21:56:05,705 - INFO - isPole = True
2024-01-02 21:56:06,098 - INFO - Adding Pole at Coordinates --> x:0.19130434782608696, y:0.4180995475113122
2024-01-02 21:56:06,099 - DEBUG - poles: [(0.19130434782608696, 0.4180995475113122)]
2024-01-02 21:56:06,099 - DEBUG - zeros: []
2024-01-02 21:56:06,485 - INFO - Adding Pole at Coordinates --> x:-0.4521739130434783, y:0.26606334841628954
2024-01-02 21:56:06,486 - DEBUG - poles: [(0.19130434782608696, 0.4180995475113122), (-0.4521739130434783, 0.26606334841628954)]
2024-01-02 21:56:06,486 - DEBUG - zeros: []
2024-01-02 21:56:07,080 - INFO - isZero = True
2024-01-02 21:56:07,363 - INFO - Adding Zero at Coordinates --> x:0.4347826086956521, y:-0.23348416289592766
2024-01-02 21:56:07,363 - DEBUG - poles: [(0.19130434782608696, 0.4180995475113122), (-0.4521739130434783, 0.26606334841628954)]
2024-01-02 21:56:07,363 - DEBUG - zeros: [(0.4347826086956521, -0.23348416289592766)]
2024-01-02 21:56:07,635 - INFO - Adding Zero at Coordinates --> x:-0.2724637681159421, y:-0.3855203619909502
2024-01-02 21:56:07,635 - DEBUG - poles: [(0.19130434782608696, 0.4180995475113122), (-0.4521739130434783, 0.26606334841628954)]
2024-01-02 21:56:07,635 - DEBUG - zeros: [(0.4347826086956521, -0.23348416289592766), (-0.2724637681159421, -0.3855203619909502)]
2024-01-02 21:56:08,349 - DEBUG - poles: [(0.19130434782608696, 0.4180995475113122), (-0.4521739130434783, 0.26606334841628954), (0.19130434782608696, -0.4180995475113122), (-0.4521739130434783, -0.26606334841628954)]
2024-01-02 21:56:08,349 - DEBUG - zeros: [(0.4347826086956521, -0.23348416289592766), (-0.2724637681159421, -0.3855203619909502), (0.4347826086956521, 0.23348416289592766), (-0.2724637681159421, 0.3855203619909502)]

2024-01-02 21:58:08,316 - INFO - isPole = True
2024-01-02 21:58:08,588 - INFO - Adding Pole at Coordinates --> x:0.7304347826086957, y:0.3746606334841629
2024-01-02 21:58:08,588 - DEBUG - poles: [(0.7304347826086957, 0.3746606334841629)]
2024-01-02 21:58:08,588 - DEBUG - zeros: []
2024-01-02 21:58:08,654 - INFO - Adding Pole at Coordinates --> x:0.7304347826086957, y:0.3746606334841629
2024-01-02 21:58:08,654 - DEBUG - poles: [(0.7304347826086957, 0.3746606334841629), (0.7304347826086957, 0.3746606334841629)]
2024-01-02 21:58:08,654 - DEBUG - zeros: []
2024-01-02 21:58:09,310 - INFO - isZero = True
2024-01-02 21:58:09,792 - INFO - Adding Zero at Coordinates --> x:-0.23188405797101463, y:-0.3095022624434389
2024-01-02 21:58:09,792 - DEBUG - poles: [(0.7304347826086957, 0.3746606334841629), (0.7304347826086957, 0.3746606334841629)]
2024-01-02 21:58:09,792 - DEBUG - zeros: [(-0.23188405797101463, -0.3095022624434389)]
2024-01-02 21:58:11,000 - DEBUG - poles: [(0.7304347826086957, 0.3746606334841629), (0.7304347826086957, 0.3746606334841629), (0.7304347826086957, -0.3746606334841629), (0.7304347826086957, -0.3746606334841629)]
2024-01-02 21:58:11,000 - DEBUG - zeros: [(-0.23188405797101463, -0.3095022624434389), (-0.23188405797101463, 0.3095022624434389)]

2024-01-02 22:01:58,748 - INFO - isPole = True
2024-01-02 22:01:59,026 - INFO - Adding Pole at Coordinates --> x:0.44637681159420284, y:0.4180995475113122
2024-01-02 22:01:59,026 - DEBUG - poles: [(0.44637681159420284, 0.4180995475113122)]
2024-01-02 22:01:59,026 - DEBUG - zeros: []
2024-01-02 22:01:59,710 - INFO - isZero = True
2024-01-02 22:02:00,011 - INFO - Adding Zero at Coordinates --> x:0.39420289855072466, y:-0.49411764705882355
2024-01-02 22:02:00,011 - DEBUG - poles: [(0.44637681159420284, 0.4180995475113122)]
2024-01-02 22:02:00,011 - DEBUG - zeros: [(0.39420289855072466, -0.49411764705882355)]
2024-01-02 22:02:00,729 - DEBUG - poles: [(0.44637681159420284, 0.4180995475113122), (0.44637681159420284, -0.4180995475113122)]
zeros: [(0.39420289855072466, -0.49411764705882355), (0.39420289855072466, 0.49411764705882355)]

2024-01-02 22:05:49,127 - INFO - isPole = True
2024-01-02 22:05:49,413 - INFO - Adding Pole at Coordinates --> x:0.5043478260869565, y:0.46153846153846145
2024-01-02 22:05:49,413 - DEBUG - poles: [(0.5043478260869565, 0.46153846153846145)]
2024-01-02 22:05:49,414 - DEBUG - zeros: []
2024-01-02 22:05:49,990 - INFO - isZero = True
2024-01-02 22:05:50,345 - INFO - Adding Zero at Coordinates --> x:-0.3014492753623188, y:-0.29864253393665163
2024-01-02 22:05:50,345 - DEBUG - poles: [(0.5043478260869565, 0.46153846153846145)]
2024-01-02 22:05:50,345 - DEBUG - zeros: [(-0.3014492753623188, -0.29864253393665163)]
2024-01-02 22:05:52,044 - DEBUG - poles: [(0.5043478260869565, 0.46153846153846145)]
zeros: [(-0.3014492753623188, -0.29864253393665163)]
2024-01-02 22:05:52,044 - DEBUG - polesConj: [(0.5043478260869565, -0.46153846153846145)]
zerosConj: [(-0.3014492753623188, 0.29864253393665163)]

2024-01-02 22:08:31,541 - INFO - isPole = True
2024-01-02 22:08:31,826 - INFO - Adding Pole at Coordinates --> x:0.14492753623188404, y:0.3638009049773755
2024-01-02 22:08:31,826 - DEBUG - poles: [(0.14492753623188404, 0.3638009049773755)]
2024-01-02 22:08:31,826 - DEBUG - zeros: []
2024-01-02 22:08:33,150 - INFO - isZero = True
2024-01-02 22:08:33,465 - INFO - Adding Zero at Coordinates --> x:0.27826086956521734, y:-0.28778280542986434
2024-01-02 22:08:33,465 - DEBUG - poles: [(0.14492753623188404, 0.3638009049773755)]
2024-01-02 22:08:33,465 - DEBUG - zeros: [(0.27826086956521734, -0.28778280542986434)]
2024-01-02 22:08:36,213 - DEBUG - polesConj: [(0.14492753623188404, -0.3638009049773755)]
zerosConj: [(0.27826086956521734, 0.28778280542986434)]
2024-01-02 22:08:39,714 - DEBUG - polesConj: []
zerosConj: []

2024-01-02 22:13:45,456 - INFO - isPole = True
2024-01-02 22:13:45,770 - INFO - Adding Pole at Coordinates --> x:0.48115942028985503, y:0.5049773755656108
2024-01-02 22:13:45,770 - DEBUG - poles: [(0.48115942028985503, 0.5049773755656108)]
2024-01-02 22:13:45,770 - DEBUG - zeros: []
2024-01-02 22:13:46,698 - INFO - isZero = True
2024-01-02 22:13:47,094 - INFO - Adding Zero at Coordinates --> x:0.12753623188405783, y:-0.10316742081447972
2024-01-02 22:13:47,094 - DEBUG - poles: [(0.48115942028985503, 0.5049773755656108)]
2024-01-02 22:13:47,095 - DEBUG - zeros: [(0.12753623188405783, -0.10316742081447972)]
2024-01-02 22:13:48,525 - DEBUG - polesConj: [(0.48115942028985503, -0.5049773755656108)]
zerosConj: [(0.12753623188405783, 0.10316742081447972)]
2024-01-02 22:13:53,572 - DEBUG - polesConj: []
zerosConj: []


2024-01-02 22:23:45,694 - INFO - isPole = True
2024-01-02 22:23:46,408 - INFO - Adding Pole at Coordinates --> x:0.2925792498775144, y:0.4671612889173433
2024-01-02 22:23:46,408 - DEBUG - poles: [(0.2925792498775144, 0.4671612889173433)]
2024-01-02 22:23:46,408 - DEBUG - zeros: []
2024-01-02 22:23:47,699 - INFO - Adding Pole at Coordinates --> x:-0.7314481246937863, y:0.3336866349409595
2024-01-02 22:23:47,699 - DEBUG - poles: [(0.2925792498775144, 0.4671612889173433), (-0.7314481246937863, 0.3336866349409595)]
2024-01-02 22:23:47,699 - DEBUG - zeros: []
2024-01-02 22:23:48,794 - INFO - isZero = True
2024-01-02 22:23:49,582 - INFO - Adding Zero at Coordinates --> x:0.49738472479177465, y:-0.3850230403164918
2024-01-02 22:23:49,582 - DEBUG - poles: [(0.2925792498775144, 0.4671612889173433), (-0.7314481246937863, 0.3336866349409595)]
2024-01-02 22:23:49,582 - DEBUG - zeros: [(0.49738472479177465, -0.3850230403164918)]
2024-01-02 22:23:50,197 - INFO - Adding Zero at Coordinates --> x:-0.3315898165278499, y:0.4055576024667046
2024-01-02 22:23:50,197 - DEBUG - poles: [(0.2925792498775144, 0.4671612889173433), (-0.7314481246937863, 0.3336866349409595)]
2024-01-02 22:23:50,197 - DEBUG - zeros: [(0.49738472479177465, -0.3850230403164918), (-0.3315898165278499, 0.4055576024667046)]
2024-01-02 22:23:54,670 - INFO - isPole = True
2024-01-02 22:23:55,027 - INFO - Adding Pole at Coordinates --> x:0.53639529144211, y:0.436359445692024
2024-01-02 22:23:55,027 - DEBUG - poles: [(0.53639529144211, 0.436359445692024)]
2024-01-02 22:23:55,027 - DEBUG - zeros: []
2024-01-02 22:23:55,549 - INFO - isZero = True
2024-01-02 22:23:56,007 - INFO - Adding Zero at Coordinates --> x:0.585158499755029, y:-0.3234193538658532
2024-01-02 22:23:56,007 - DEBUG - poles: [(0.53639529144211, 0.436359445692024)]
2024-01-02 22:23:56,007 - DEBUG - zeros: [(0.585158499755029, -0.3234193538658532)]
2024-01-02 22:23:59,755 - INFO - isPole = True
2024-01-02 22:24:00,173 - INFO - Adding Pole at Coordinates --> x:0.5559005747672774, y:0.4568940078422369
2024-01-02 22:24:00,174 - DEBUG - poles: [(0.5559005747672774, 0.4568940078422369)]
2024-01-02 22:24:00,174 - DEBUG - zeros: []
2024-01-02 22:24:01,168 - INFO - isZero = True
2024-01-02 22:24:01,977 - INFO - Adding Zero at Coordinates --> x:-0.27307396655234695, y:-0.3747557592413855
2024-01-02 22:24:01,977 - DEBUG - poles: [(0.5559005747672774, 0.4568940078422369)]
2024-01-02 22:24:01,977 - DEBUG - zeros: [(-0.27307396655234695, -0.3747557592413855)]
2024-01-02 22:24:03,386 - DEBUG - polesConj: [(0.5559005747672774, -0.4568940078422369)]
zerosConj: [(-0.27307396655234695, 0.3747557592413855)]
2024-01-02 22:24:05,253 - DEBUG - polesConj: []
zerosConj: []
2024-01-02 22:24:06,367 - DEBUG - polesConj: []
zerosConj: []

2024-01-03 02:55:28,873 - INFO - isPole = True
2024-01-03 02:55:29,210 - INFO - Adding Pole at Coordinates --> x:-0.010611542390691842, y:0.47742856999244976
2024-01-03 02:55:29,210 - DEBUG - poles: [(-0.010611542390691842, 0.47742856999244976)]
2024-01-03 02:55:29,210 - DEBUG - zeros: []
2024-01-03 02:55:29,640 - INFO - Adding Pole at Coordinates --> x:-0.6632213994182355, y:0.37475575924138527
2024-01-03 02:55:29,640 - DEBUG - poles: [(-0.010611542390691842, 0.47742856999244976), (-0.6632213994182355, 0.37475575924138527)]
2024-01-03 02:55:29,640 - DEBUG - zeros: []
2024-01-03 02:55:29,983 - INFO - Adding Pole at Coordinates --> x:0.1485615934696849, y:-0.10780645128861788
2024-01-03 02:55:29,983 - DEBUG - poles: [(-0.010611542390691842, 0.47742856999244976), (-0.6632213994182355, 0.37475575924138527), (0.1485615934696849, -0.10780645128861788)]
2024-01-03 02:55:29,983 - DEBUG - zeros: []
2024-01-03 02:55:30,037 - INFO - Adding Pole at Coordinates --> x:0.1485615934696849, y:-0.10780645128861788
2024-01-03 02:55:30,037 - DEBUG - poles: [(-0.010611542390691842, 0.47742856999244976), (-0.6632213994182355, 0.37475575924138527), (0.1485615934696849, -0.10780645128861788), (0.1485615934696849, -0.10780645128861788)]
2024-01-03 02:55:30,038 - DEBUG - zeros: []
2024-01-03 02:55:30,320 - INFO - Adding Pole at Coordinates --> x:-0.5252713483392425, y:-0.7854470022456435
2024-01-03 02:55:30,320 - DEBUG - poles: [(-0.010611542390691842, 0.47742856999244976), (-0.6632213994182355, 0.37475575924138527), (0.1485615934696849, -0.10780645128861788), (0.1485615934696849, -0.10780645128861788), (-0.5252713483392425, -0.7854470022456435)]
2024-01-03 02:55:30,320 - DEBUG - zeros: []
2024-01-03 02:55:30,656 - INFO - Adding Pole at Coordinates --> x:0.48282517877647546, y:0.2002119809645756
2024-01-03 02:55:30,656 - DEBUG - poles: [(-0.010611542390691842, 0.47742856999244976), (-0.6632213994182355, 0.37475575924138527), (0.1485615934696849, -0.10780645128861788), (0.1485615934696849, -0.10780645128861788), (-0.5252713483392425, -0.7854470022456435), (0.48282517877647546, 0.2002119809645756)]
2024-01-03 02:55:30,656 - DEBUG - zeros: []
2024-01-03 02:55:30,914 - INFO - Adding Pole at Coordinates --> x:0.551800204315972, y:-0.31315207279074686
2024-01-03 02:55:30,914 - DEBUG - poles: [(-0.010611542390691842, 0.47742856999244976), (-0.6632213994182355, 0.37475575924138527), (0.1485615934696849, -0.10780645128861788), (0.1485615934696849, -0.10780645128861788), (-0.5252713483392425, -0.7854470022456435), (0.48282517877647546, 0.2002119809645756), (0.551800204315972, -0.31315207279074686)]
2024-01-03 02:55:30,914 - DEBUG - zeros: []
2024-01-03 02:55:31,581 - INFO - isZero = True
2024-01-03 02:55:31,974 - INFO - Adding Zero at Coordinates --> x:0.41385015323697893, y:0.4671612889173433
2024-01-03 02:55:31,974 - DEBUG - poles: [(-0.010611542390691842, 0.47742856999244976), (-0.6632213994182355, 0.37475575924138527), (0.1485615934696849, -0.10780645128861788), (0.1485615934696849, -0.10780645128861788), (-0.5252713483392425, -0.7854470022456435), (0.48282517877647546, 0.2002119809645756), (0.551800204315972, -0.31315207279074686)]
2024-01-03 02:55:31,974 - DEBUG - zeros: [(0.41385015323697893, 0.4671612889173433)]
2024-01-03 02:55:32,398 - INFO - Adding Zero at Coordinates --> x:0.0636692543441506, y:0.17967741881436272
2024-01-03 02:55:32,398 - DEBUG - poles: [(-0.010611542390691842, 0.47742856999244976), (-0.6632213994182355, 0.37475575924138527), (0.1485615934696849, -0.10780645128861788), (0.1485615934696849, -0.10780645128861788), (-0.5252713483392425, -0.7854470022456435), (0.48282517877647546, 0.2002119809645756), (0.551800204315972, -0.31315207279074686)]
2024-01-03 02:55:32,398 - DEBUG - zeros: [(0.41385015323697893, 0.4671612889173433), (0.0636692543441506, 0.17967741881436272)]
2024-01-03 02:55:32,768 - INFO - Adding Zero at Coordinates --> x:-0.29712318693936945, y:0.15914285666414985
2024-01-03 02:55:32,769 - DEBUG - poles: [(-0.010611542390691842, 0.47742856999244976), (-0.6632213994182355, 0.37475575924138527), (0.1485615934696849, -0.10780645128861788), (0.1485615934696849, -0.10780645128861788), (-0.5252713483392425, -0.7854470022456435), (0.48282517877647546, 0.2002119809645756), (0.551800204315972, -0.31315207279074686)]
2024-01-03 02:55:32,769 - DEBUG - zeros: [(0.41385015323697893, 0.4671612889173433), (0.0636692543441506, 0.17967741881436272), (-0.29712318693936945, 0.15914285666414985)]
2024-01-03 02:55:33,154 - INFO - Adding Zero at Coordinates --> x:-0.1857019918371059, y:-0.251548386340108
2024-01-03 02:55:33,154 - DEBUG - poles: [(-0.010611542390691842, 0.47742856999244976), (-0.6632213994182355, 0.37475575924138527), (0.1485615934696849, -0.10780645128861788), (0.1485615934696849, -0.10780645128861788), (-0.5252713483392425, -0.7854470022456435), (0.48282517877647546, 0.2002119809645756), (0.551800204315972, -0.31315207279074686)]
2024-01-03 02:55:33,154 - DEBUG - zeros: [(0.41385015323697893, 0.4671612889173433), (0.0636692543441506, 0.17967741881436272), (-0.29712318693936945, 0.15914285666414985), (-0.1857019918371059, -0.251548386340108)]
2024-01-03 02:55:33,495 - INFO - Adding Zero at Coordinates --> x:0.3077347293300614, y:-0.47742856999244987
2024-01-03 02:55:33,495 - DEBUG - poles: [(-0.010611542390691842, 0.47742856999244976), (-0.6632213994182355, 0.37475575924138527), (0.1485615934696849, -0.10780645128861788), (0.1485615934696849, -0.10780645128861788), (-0.5252713483392425, -0.7854470022456435), (0.48282517877647546, 0.2002119809645756), (0.551800204315972, -0.31315207279074686)]
2024-01-03 02:55:33,495 - DEBUG - zeros: [(0.41385015323697893, 0.4671612889173433), (0.0636692543441506, 0.17967741881436272), (-0.29712318693936945, 0.15914285666414985), (-0.1857019918371059, -0.251548386340108), (0.3077347293300614, -0.47742856999244987)]
2024-01-03 02:55:33,815 - INFO - Adding Zero at Coordinates --> x:0.7109733401763487, y:-0.15914285666414996
2024-01-03 02:55:33,815 - DEBUG - poles: [(-0.010611542390691842, 0.47742856999244976), (-0.6632213994182355, 0.37475575924138527), (0.1485615934696849, -0.10780645128861788), (0.1485615934696849, -0.10780645128861788), (-0.5252713483392425, -0.7854470022456435), (0.48282517877647546, 0.2002119809645756), (0.551800204315972, -0.31315207279074686)]
2024-01-03 02:55:33,815 - DEBUG - zeros: [(0.41385015323697893, 0.4671612889173433), (0.0636692543441506, 0.17967741881436272), (-0.29712318693936945, 0.15914285666414985), (-0.1857019918371059, -0.251548386340108), (0.3077347293300614, -0.47742856999244987), (0.7109733401763487, -0.15914285666414996)]
2024-01-03 02:55:36,486 - DEBUG - polesConj: []
zerosConj: []
2024-01-03 02:55:37,547 - DEBUG - polesConj: []
zerosConj: []



2024-01-03 03:05:30,648 - INFO - isPole = True
2024-01-03 03:05:31,040 - INFO - Adding Pole at Coordinates --> x:0.5565217391304347, y:0.3529411764705882
2024-01-03 03:05:31,040 - DEBUG - poles: [(0.5565217391304347, 0.3529411764705882)]
2024-01-03 03:05:31,040 - DEBUG - zeros: []
2024-01-03 03:06:05,720 - INFO - isZero = True
2024-01-03 03:06:06,176 - INFO - Adding Zero at Coordinates --> x:0.4405797101449276, y:-0.26606334841628954
2024-01-03 03:06:06,176 - DEBUG - poles: [(0.5565217391304347, 0.3529411764705882)]
2024-01-03 03:06:06,176 - DEBUG - zeros: [(0.4405797101449276, -0.26606334841628954)]

2024-01-03 03:07:57,343 - INFO - isPole = True
2024-01-03 03:07:57,795 - INFO - Adding Pole at Coordinates --> x:0.6028985507246378, y:0.3638009049773755
2024-01-03 03:07:57,795 - DEBUG - poles: [(0.6028985507246378, 0.3638009049773755)]
2024-01-03 03:07:57,795 - DEBUG - zeros: []
2024-01-03 03:07:59,721 - INFO - isZero = True
2024-01-03 03:07:59,769 - INFO - isZero = True
2024-01-03 03:08:00,130 - INFO - Adding Zero at Coordinates --> x:-0.1507246376811595, y:-0.5375565610859729
2024-01-03 03:08:00,130 - DEBUG - poles: [(0.6028985507246378, 0.3638009049773755)]
2024-01-03 03:08:00,130 - DEBUG - zeros: [(-0.1507246376811595, -0.5375565610859729)]


2024-01-05 18:51:36,915 - INFO - isPole = True
2024-01-05 18:51:37,247 - INFO - Adding Pole at Coordinates --> x:0.44637681159420284, y:0.3420814479638008
2024-01-05 18:51:37,247 - DEBUG - poles: [(0.44637681159420284, 0.3420814479638008)]
2024-01-05 18:51:37,247 - DEBUG - zeros: []
2024-01-05 18:51:37,922 - INFO - isZero = True
2024-01-05 18:51:38,221 - INFO - Adding Zero at Coordinates --> x:0.4869565217391303, y:-0.5809954751131221
2024-01-05 18:51:38,221 - DEBUG - poles: [(0.44637681159420284, 0.3420814479638008)]
2024-01-05 18:51:38,221 - DEBUG - zeros: [(0.4869565217391303, -0.5809954751131221)]
2024-01-05 18:55:13,619 - INFO - isZero = True
2024-01-05 18:55:14,001 - INFO - isPole = True
2024-01-05 18:55:14,387 - INFO - Adding Pole at Coordinates --> x:0.5971014492753624, y:0.2986425339366515
2024-01-05 18:55:14,387 - DEBUG - poles: [(0.5971014492753624, 0.2986425339366515)]
2024-01-05 18:55:14,387 - DEBUG - zeros: []
2024-01-05 18:55:14,827 - INFO - isZero = True
2024-01-05 18:55:15,202 - INFO - Adding Zero at Coordinates --> x:0.4057971014492754, y:0.23348416289592755
2024-01-05 18:55:15,202 - DEBUG - poles: [(0.5971014492753624, 0.2986425339366515)]
2024-01-05 18:55:15,202 - DEBUG - zeros: [(0.4057971014492754, 0.23348416289592755)]
2024-01-05 18:55:17,774 - DEBUG - polesConj: []
zerosConj: []
2024-01-05 18:55:19,236 - DEBUG - polesConj: []
zerosConj: []

2024-01-05 19:50:27,604 - INFO - isPole = True
2024-01-05 19:50:27,935 - INFO - Adding Pole at Coordinates --> x:0.20869565217391295, y:0.38769230769230767
2024-01-05 19:50:27,936 - DEBUG - poles: [(0.20869565217391295, 0.38769230769230767)]
2024-01-05 19:50:27,936 - DEBUG - zeros: []
2024-01-05 19:50:28,575 - INFO - isZero = True
2024-01-05 19:50:28,923 - INFO - Adding Zero at Coordinates --> x:0.2956521739130433, y:-0.04307692307692301
2024-01-05 19:50:28,923 - DEBUG - poles: [(0.20869565217391295, 0.38769230769230767)]
2024-01-05 19:50:28,923 - DEBUG - zeros: [(0.2956521739130433, -0.04307692307692301)]


2024-01-05 20:14:12,769 - INFO - isPole = True

2024-01-05 20:14:34,011 - INFO - isPole = True
2024-01-05 20:14:35,217 - INFO - isZero = True

2024-01-05 20:16:17,519 - INFO - isPole = True

2024-01-05 20:23:54,981 - INFO - isPole = True
2024-01-05 20:23:55,502 - INFO - Adding Pole at Coordinates --> x:0.44637681159420284, y:0.46153846153846156
2024-01-05 20:23:55,502 - DEBUG - poles: [(0.44637681159420284, 0.46153846153846156)]
2024-01-05 20:23:55,502 - DEBUG - zeros: []
2024-01-05 20:23:57,079 - INFO - isZero = True
2024-01-05 20:23:57,383 - INFO - Adding Zero at Coordinates --> x:0.6202898550724638, y:-0.06769230769230772
2024-01-05 20:23:57,383 - DEBUG - poles: [(0.44637681159420284, 0.46153846153846156)]
2024-01-05 20:23:57,383 - DEBUG - zeros: [(0.6202898550724638, -0.06769230769230772)]

2024-01-05 20:26:37,615 - INFO - isPole = True
2024-01-05 20:26:38,036 - INFO - Adding Pole at Coordinates --> x:0.6318840579710143, y:0.3630769230769231
2024-01-05 20:26:38,036 - DEBUG - poles: [(0.6318840579710143, 0.3630769230769231)]
2024-01-05 20:26:38,037 - DEBUG - zeros: []
2024-01-05 20:26:38,562 - INFO - isZero = True
2024-01-05 20:26:38,969 - INFO - Adding Zero at Coordinates --> x:0.30724637681159406, y:-0.2769230769230768
2024-01-05 20:26:38,970 - DEBUG - poles: [(0.6318840579710143, 0.3630769230769231)]
2024-01-05 20:26:38,970 - DEBUG - zeros: [(0.30724637681159406, -0.2769230769230768)]
2024-01-05 20:26:41,808 - INFO - isPole = True
2024-01-05 20:26:42,119 - INFO - Adding Pole at Coordinates --> x:0.336231884057971, y:0.2646153846153846
2024-01-05 20:26:42,119 - DEBUG - poles: [(0.336231884057971, 0.2646153846153846)]
2024-01-05 20:26:42,119 - DEBUG - zeros: []
2024-01-05 20:26:43,946 - INFO - isZero = True
2024-01-05 20:26:44,233 - INFO - Adding Zero at Coordinates --> x:0.16231884057971002, y:-0.01846153846153853
2024-01-05 20:26:44,233 - DEBUG - poles: []
2024-01-05 20:26:44,233 - DEBUG - zeros: [(0.16231884057971002, -0.01846153846153853)]
2024-01-05 20:26:46,532 - INFO - isPole = True
2024-01-05 20:26:46,834 - INFO - Adding Pole at Coordinates --> x:0.7594202898550726, y:0.30153846153846153
2024-01-05 20:26:46,834 - DEBUG - poles: [(0.7594202898550726, 0.30153846153846153)]
2024-01-05 20:26:46,834 - DEBUG - zeros: []
2024-01-05 20:26:47,890 - DEBUG - polesConj: [(0.7594202898550726, -0.30153846153846153)]
zerosConj: []

2024-01-05 20:33:21,936 - INFO - isPole = True
2024-01-05 20:33:22,512 - INFO - Adding Pole at Coordinates --> x:-0.6202898550724638, y:0.3138461538461539
2024-01-05 20:33:22,512 - DEBUG - poles: [(-0.6202898550724638, 0.3138461538461539)]
2024-01-05 20:33:22,512 - DEBUG - zeros: []
2024-01-05 20:33:23,240 - INFO - Adding Pole at Coordinates --> x:0.5971014492753624, y:0.25230769230769234
2024-01-05 20:33:23,240 - DEBUG - poles: [(-0.6202898550724638, 0.3138461538461539), (0.5971014492753624, 0.25230769230769234)]
2024-01-05 20:33:23,240 - DEBUG - zeros: []
2024-01-05 20:33:23,687 - INFO - isZero = True
2024-01-05 20:33:24,015 - INFO - Adding Zero at Coordinates --> x:0.527536231884058, y:-0.41230769230769226
2024-01-05 20:33:24,015 - DEBUG - poles: [(-0.6202898550724638, 0.3138461538461539), (0.5971014492753624, 0.25230769230769234)]
2024-01-05 20:33:24,015 - DEBUG - zeros: [(0.527536231884058, -0.41230769230769226)]
2024-01-05 20:33:24,326 - INFO - Adding Zero at Coordinates --> x:-0.510144927536232, y:-0.3999999999999999
2024-01-05 20:33:24,326 - DEBUG - poles: [(-0.6202898550724638, 0.3138461538461539), (0.5971014492753624, 0.25230769230769234)]
2024-01-05 20:33:24,326 - DEBUG - zeros: [(0.527536231884058, -0.41230769230769226), (-0.510144927536232, -0.3999999999999999)]
2024-01-05 20:33:26,218 - INFO - isPole = True
2024-01-05 20:33:26,511 - INFO - Adding Pole at Coordinates --> x:0.28985507246376807, y:0.4246153846153846
2024-01-05 20:33:26,511 - DEBUG - poles: [(0.28985507246376807, 0.4246153846153846)]
2024-01-05 20:33:26,511 - DEBUG - zeros: []
2024-01-05 20:33:26,826 - INFO - Adding Pole at Coordinates --> x:-0.4347826086956522, y:0.3630769230769231
2024-01-05 20:33:26,826 - DEBUG - poles: [(0.28985507246376807, 0.4246153846153846), (-0.4347826086956522, 0.3630769230769231)]
2024-01-05 20:33:26,826 - DEBUG - zeros: []
2024-01-05 20:33:27,969 - DEBUG - polesConj: [(0.28985507246376807, -0.4246153846153846), (-0.4347826086956522, -0.3630769230769231)]
zerosConj: []
2024-01-05 20:33:29,131 - INFO - isZero = True
2024-01-05 20:33:29,527 - INFO - Adding Zero at Coordinates --> x:0.3710144927536232, y:0.10461538461538455
2024-01-05 20:33:29,527 - DEBUG - poles: [(0.28985507246376807, 0.4246153846153846), (-0.4347826086956522, 0.3630769230769231)]
2024-01-05 20:33:29,527 - DEBUG - zeros: [(0.3710144927536232, 0.10461538461538455)]
2024-01-05 20:33:34,239 - DEBUG - polesConj: [(0.28985507246376807, -0.4246153846153846), (-0.4347826086956522, -0.3630769230769231)]
zerosConj: [(0.3710144927536232, -0.10461538461538455)]
2024-01-05 20:33:40,990 - INFO - isPole = True
2024-01-05 20:33:41,383 - INFO - Adding Pole at Coordinates --> x:0.5855072463768116, y:0.5969230769230769
2024-01-05 20:33:41,383 - DEBUG - poles: [(0.5855072463768116, 0.5969230769230769)]
2024-01-05 20:33:41,383 - DEBUG - zeros: []
2024-01-05 20:33:42,280 - INFO - isZero = True
2024-01-05 20:33:43,241 - INFO - isZero = True
2024-01-05 20:33:44,102 - DEBUG - polesConj: [(0.5855072463768116, -0.5969230769230769)]
zerosConj: []
2024-01-05 20:33:45,382 - INFO - isZero = True
2024-01-05 20:33:46,053 - INFO - Adding Zero at Coordinates --> x:0.06376811594202891, y:0.46153846153846156
2024-01-05 20:33:46,053 - DEBUG - poles: [(0.5855072463768116, 0.5969230769230769)]
2024-01-05 20:33:46,053 - DEBUG - zeros: [(0.06376811594202891, 0.46153846153846156)]
2024-01-05 20:33:48,232 - DEBUG - polesConj: [(0.5855072463768116, -0.5969230769230769)]
zerosConj: [(0.06376811594202891, -0.46153846153846156)]

2024-01-05 20:41:15,469 - INFO - isPole = True
2024-01-05 20:41:15,925 - INFO - Adding Pole at Coordinates --> x:0.4405797101449276, y:0.48615384615384616
2024-01-05 20:41:15,925 - DEBUG - poles: [(0.4405797101449276, 0.48615384615384616)]
2024-01-05 20:41:15,925 - DEBUG - zeros: []
2024-01-05 20:41:16,607 - INFO - isZero = True
2024-01-05 20:41:17,058 - INFO - Adding Zero at Coordinates --> x:-0.4173913043478261, y:0.24
2024-01-05 20:41:17,058 - DEBUG - poles: [(0.4405797101449276, 0.48615384615384616)]
2024-01-05 20:41:17,058 - DEBUG - zeros: [(-0.4173913043478261, 0.24)]
2024-01-05 20:41:23,148 - INFO - isPole = True
2024-01-05 20:41:23,464 - INFO - Adding Pole at Coordinates --> x:0.7304347826086957, y:0.56
2024-01-05 20:41:23,464 - DEBUG - poles: [(0.7304347826086957, 0.56)]
2024-01-05 20:41:23,464 - DEBUG - zeros: []
2024-01-05 20:41:24,180 - INFO - isZero = True
2024-01-05 20:41:25,494 - INFO - Adding Zero at Coordinates --> x:0.498550724637681, y:-0.17846153846153845
2024-01-05 20:41:25,494 - DEBUG - poles: [(0.7304347826086957, 0.56)]
2024-01-05 20:41:25,494 - DEBUG - zeros: [(0.498550724637681, -0.17846153846153845)]
2024-01-05 20:41:26,386 - DEBUG - polesConj: [(0.7304347826086957, -0.56)]
zerosConj: [(0.498550724637681, 0.17846153846153845)]
2024-01-05 20:42:10,755 - DEBUG - polesConj: [(0.7304347826086957, -0.56)]
zerosConj: [(0.498550724637681, 0.17846153846153845)]
2024-01-05 20:42:12,823 - DEBUG - polesConj: [(0.7304347826086957, -0.56)]
zerosConj: [(0.498550724637681, 0.17846153846153845)]


2024-01-05 20:42:33,063 - INFO - isPole = True
2024-01-05 20:42:33,325 - INFO - Adding Pole at Coordinates --> x:0.7014492753623187, y:0.43692307692307697
2024-01-05 20:42:33,325 - DEBUG - poles: [(0.7014492753623187, 0.43692307692307697)]
2024-01-05 20:42:33,325 - DEBUG - zeros: []
2024-01-05 20:42:34,233 - DEBUG - polesConj: [(0.7014492753623187, -0.43692307692307697)]
zerosConj: []
2024-01-05 20:42:34,948 - INFO - isZero = True
2024-01-05 20:42:35,278 - INFO - Adding Zero at Coordinates --> x:0.34202898550724625, y:0.30153846153846153
2024-01-05 20:42:35,278 - DEBUG - poles: [(0.7014492753623187, 0.43692307692307697)]
2024-01-05 20:42:35,278 - DEBUG - zeros: [(0.34202898550724625, 0.30153846153846153)]
2024-01-05 20:42:37,612 - DEBUG - polesConj: [(0.7014492753623187, -0.43692307692307697)]
zerosConj: [(0.34202898550724625, -0.30153846153846153)]


2024-01-05 20:44:23,446 - DEBUG - polesConj: []
zerosConj: []
2024-01-05 20:44:24,526 - INFO - isPole = True
2024-01-05 20:44:24,788 - INFO - Adding Pole at Coordinates --> x:0.28985507246376807, y:0.2153846153846154
2024-01-05 20:44:24,788 - DEBUG - poles: [(0.28985507246376807, 0.2153846153846154)]
2024-01-05 20:44:24,788 - DEBUG - zeros: []
2024-01-05 20:44:26,363 - DEBUG - polesConj: [(0.28985507246376807, -0.2153846153846154)]
zerosConj: []
2024-01-05 20:44:26,881 - DEBUG - polesConj: [(0.28985507246376807, -0.2153846153846154)]
zerosConj: []

2024-01-05 20:44:55,170 - INFO - isPole = True
2024-01-05 20:44:55,533 - INFO - Adding Pole at Coordinates --> x:0.4521739130434781, y:0.3138461538461539
2024-01-05 20:44:55,533 - DEBUG - poles: [(0.4521739130434781, 0.3138461538461539)]
2024-01-05 20:44:55,533 - DEBUG - zeros: []
2024-01-05 20:44:56,448 - DEBUG - polesConj: [(0.4521739130434781, -0.3138461538461539)]
zerosConj: []
2024-01-05 20:44:57,689 - INFO - Adding Pole at Coordinates --> x:1.1942028985507245, y:-1.409230769230769
2024-01-05 20:44:57,690 - DEBUG - poles: [(0.4521739130434781, 0.3138461538461539), (1.1942028985507245, -1.409230769230769)]
2024-01-05 20:44:57,690 - DEBUG - zeros: []
2024-01-05 20:44:59,185 - DEBUG - polesConj: [(0.4521739130434781, -0.3138461538461539), (1.1942028985507245, 1.409230769230769)]
zerosConj: []
2024-01-05 20:45:00,561 - DEBUG - polesConj: [(0.4521739130434781, -0.3138461538461539), (1.1942028985507245, 1.409230769230769)]
zerosConj: []
2024-01-05 20:45:26,020 - DEBUG - polesConj: [(0.4521739130434781, -0.3138461538461539), (1.1942028985507245, 1.409230769230769)]
zerosConj: []


2024-01-05 20:49:17,060 - INFO - isPole = True
2024-01-05 20:49:17,960 - INFO - Adding Pole at Coordinates --> x:0.3884057971014492, y:0.4
2024-01-05 20:49:17,960 - DEBUG - poles: [(0.3884057971014492, 0.4)]
2024-01-05 20:49:17,960 - DEBUG - zeros: []
2024-01-05 20:49:19,233 - DEBUG - polesConj: [(0.3884057971014492, -0.4)]
zerosConj: []
2024-01-05 20:49:20,297 - INFO - isZero = True
2024-01-05 20:49:21,393 - INFO - Adding Zero at Coordinates --> x:0.12173913043478257, y:0.41230769230769226
2024-01-05 20:49:21,393 - DEBUG - poles: [(0.3884057971014492, 0.4)]
2024-01-05 20:49:21,393 - DEBUG - zeros: [(0.12173913043478257, 0.41230769230769226)]
2024-01-05 20:49:25,440 - INFO - isPole = True
2024-01-05 20:49:26,112 - INFO - Adding Pole at Coordinates --> x:-0.3072463768115943, y:0.3507692307692307
2024-01-05 20:49:26,112 - DEBUG - poles: [(0.3884057971014492, 0.4), (-0.3072463768115943, 0.3507692307692307)]
2024-01-05 20:49:26,112 - DEBUG - zeros: [(0.12173913043478257, 0.41230769230769226)]
2024-01-05 20:49:28,564 - DEBUG - polesConj: [(0.3884057971014492, -0.4), (-0.3072463768115943, -0.3507692307692307)]
zerosConj: [(0.12173913043478257, -0.41230769230769226)]
2024-01-05 20:49:30,445 - INFO - isZero = True
2024-01-05 20:49:31,207 - INFO - Adding Zero at Coordinates --> x:-0.7246376811594204, y:0.46153846153846156
2024-01-05 20:49:31,207 - DEBUG - poles: [(0.3884057971014492, 0.4), (-0.3072463768115943, 0.3507692307692307)]
2024-01-05 20:49:31,207 - DEBUG - zeros: [(0.12173913043478257, 0.41230769230769226), (-0.7246376811594204, 0.46153846153846156)]
2024-01-05 20:49:32,673 - INFO - isZero = True
2024-01-05 20:49:33,265 - INFO - Adding Zero at Coordinates --> x:-0.5333333333333334, y:-0.12923076923076926
2024-01-05 20:49:33,265 - DEBUG - poles: [(0.3884057971014492, 0.4), (-0.3072463768115943, 0.3507692307692307)]
2024-01-05 20:49:33,265 - DEBUG - zeros: [(0.12173913043478257, 0.41230769230769226), (-0.7246376811594204, 0.46153846153846156), (-0.5333333333333334, -0.12923076923076926)]
2024-01-05 20:49:34,279 - DEBUG - polesConj: [(0.3884057971014492, -0.4), (-0.3072463768115943, -0.3507692307692307)]
zerosConj: [(0.12173913043478257, -0.41230769230769226), (-0.7246376811594204, -0.46153846153846156), (-0.5333333333333334, 0.12923076923076926)]
2024-01-05 20:49:39,657 - INFO - isZero = True
2024-01-05 20:49:41,132 - INFO - Adding Zero at Coordinates --> x:0.6086956521739129, y:0.2892307692307692
2024-01-05 20:49:41,133 - DEBUG - poles: [(0.3884057971014492, 0.4), (-0.3072463768115943, 0.3507692307692307)]
2024-01-05 20:49:41,133 - DEBUG - zeros: [(0.12173913043478257, 0.41230769230769226), (-0.7246376811594204, 0.46153846153846156), (-0.5333333333333334, -0.12923076923076926), (0.6086956521739129, 0.2892307692307692)]
2024-01-05 20:49:42,125 - DEBUG - polesConj: [(0.3884057971014492, -0.4), (-0.3072463768115943, -0.3507692307692307)]
zerosConj: [(0.12173913043478257, -0.41230769230769226), (-0.7246376811594204, -0.46153846153846156), (-0.5333333333333334, 0.12923076923076926), (0.6086956521739129, -0.2892307692307692)]
